#
# A fatal error has been detected by the Java Runtime Environment:
#
#  EXCEPTION_ACCESS_VIOLATION (0xc0000005) at pc=0x000002374a65e244, pid=9448, tid=13884
#
# JRE version: OpenJDK Runtime Environment (11.0.12+7) (build 11.0.12+7-b1504.28-7817840)
# Java VM: OpenJDK 64-Bit Server VM (11.0.12+7-b1504.28-7817840, mixed mode, tiered, compressed oops, g1 gc, windows-amd64)
# Problematic frame:
# j  org.jetbrains.kotlin.gradle.plugin.Android25ProjectHandler.wireKotlinTasks(Lorg/gradle/api/Project;Lorg/jetbrains/kotlin/gradle/plugin/mpp/KotlinJvmAndroidCompilation;Lcom/android/build/gradle/BasePlugin;Lcom/android/build/gradle/BaseExtension;Lcom/android/build/gradle/api/BaseVariant;Lorg/gradle/api/tasks/TaskProvider;Lorg/gradle/api/tasks/TaskProvider;)V+135
#
# No core dump will be written. Minidumps are not enabled by default on client versions of Windows
#
# If you would like to submit a bug report, please visit:
#   https://bugreport.java.com/bugreport/crash.jsp
#

---------------  S U M M A R Y ------------

Command Line: --add-opens=java.base/java.util=ALL-UNNAMED --add-opens=java.base/java.lang=ALL-UNNAMED --add-opens=java.base/java.lang.invoke=ALL-UNNAMED --add-opens=java.base/java.util=ALL-UNNAMED --add-opens=java.prefs/java.util.prefs=ALL-UNNAMED --add-opens=java.prefs/java.util.prefs=ALL-UNNAMED --add-opens=java.base/java.nio.charset=ALL-UNNAMED --add-opens=java.base/java.net=ALL-UNNAMED --add-opens=java.base/java.util.concurrent.atomic=ALL-UNNAMED -Xmx2048m -Dfile.encoding=UTF-8 -Duser.country=ID -Duser.language=en -Duser.variant org.gradle.launcher.daemon.bootstrap.GradleDaemon 7.3.3

Host: Intel(R) Core(TM) i5-8250U CPU @ 1.60GHz, 8 cores, 7G,  Windows 10 , 64 bit Build 22000 (10.0.22000.708)
Time: Sat Nov  5 13:01:11 2022 SE Asia Standard Time elapsed time: 1746.209656 seconds (0d 0h 29m 6s)

---------------  T H R E A D  ---------------

Current thread (0x0000023763d31000):  JavaThread "Daemon worker Thread 7" [_thread_in_Java, id=13884, stack(0x0000006528200000,0x0000006528300000)]

Stack: [0x0000006528200000,0x0000006528300000],  sp=0x00000065282fa330,  free space=1000k
Native frames: (J=compiled Java code, j=interpreted, Vv=VM code, C=native code)
C  0x000002374a65e244


siginfo: EXCEPTION_ACCESS_VIOLATION (0xc0000005), reading address 0x00000a376b294734


Register to memory mapping:

RIP=0x000002374a65e244 is at code_begin+4 in an Interpreter codelet
method entry point (kind = zerolocals)  [0x000002374a65e240, 0x000002374a65e740]  1280 bytes
RAX=0x0 is NULL
RBX={method} {0x000002376b2947b0} 
[error occurred during error reporting (printing register info), id 0xc0000005, EXCEPTION_ACCESS_VIOLATION (0xc0000005) at pc=0x00007ffe6cf4391a]

Registers:
RAX=0x0000000000000000, RBX=0x000002376b2947a8, RCX=0x000000008b83dcf0, RDX=0x00000a376b294700
RSP=0x00000065282fa330, RBP=0x00000065282fa3c0, RSI=0x0000000000000000, RDI=0x000000008b83dcc8
R8 =0x000000008b83dc40, R9 =0x0000000000000001, R10=0x00007ffe6d3b9b80, R11=0x000000000000000c
R12=0x0000000000000000, R13=0x00000065282fa338, R14=0x00000065282fa438, R15=0x0000023763d31000
RIP=0x000002374a65e244, EFLAGS=0x0000000000010246

Top of Stack: (sp=0x00000065282fa330)
0x00000065282fa330:   000002374a65a4c3 0000000089f7f3d0
0x00000065282fa340:   0000000089e8c028 0000000089e448f8
0x00000065282fa350:   000000008b83da80 0000000089e451f0
0x00000065282fa360:   000000008b83dcf0 000000008b83dcf0
0x00000065282fa370:   0000000081a4d088 00000065282fa378
0x00000065282fa380:   000002376ad92447 00000065282fa438
0x00000065282fa390:   000002376ad975e8 0000000000000000
0x00000065282fa3a0:   0000000083c961b0 000002376ad925b0
0x00000065282fa3b0:   00000065282fa338 00000065282fa400
0x00000065282fa3c0:   00000065282fa488 000002374a65a4c3
0x00000065282fa3d0:   0000000000000000 0000000000000000
0x00000065282fa3e0:   0000000000000000 0000000000000000
0x00000065282fa3f0:   000000008b83da80 000000008b83d838
0x00000065282fa400:   0000000081a4d088 0000000089e448f8
0x00000065282fa410:   0000000089e451f0 0000000089f7f3d0
0x00000065282fa420:   0000000089e8c028 0000000081a23008 

Instructions: (pc=0x000002374a65e244)
0x000002374a65e144:   c0 4c 8b 75 c8 c3 e9 a4 ed ff ff 4c 8b 6d c0 48
0x000002374a65e154:   8b 65 b8 48 c7 45 f0 00 00 00 00 e8 05 00 00 00
0x000002374a65e164:   e9 aa 00 00 00 48 8d 44 24 08 4c 89 6d c0 49 8b
0x000002374a65e174:   cf c5 f8 77 49 89 af 38 03 00 00 49 89 87 28 03
0x000002374a65e184:   00 00 48 83 ec 20 f7 c4 0f 00 00 00 0f 84 1a 00
0x000002374a65e194:   00 00 48 83 ec 08 49 ba 00 88 d0 6c fe 7f 00 00
0x000002374a65e1a4:   41 ff d2 48 83 c4 08 e9 0d 00 00 00 49 ba 00 88
0x000002374a65e1b4:   d0 6c fe 7f 00 00 41 ff d2 48 83 c4 20 49 ba 00
0x000002374a65e1c4:   00 00 00 00 00 00 00 4d 89 97 28 03 00 00 49 ba
0x000002374a65e1d4:   00 00 00 00 00 00 00 00 4d 89 97 38 03 00 00 49
0x000002374a65e1e4:   ba 00 00 00 00 00 00 00 00 4d 89 97 30 03 00 00
0x000002374a65e1f4:   c5 f8 77 49 81 7f 08 00 00 00 00 0f 84 05 00 00
0x000002374a65e204:   00 e9 f6 2c ff ff 4c 8b 6d c0 4c 8b 75 c8 c3 0f
0x000002374a65e214:   1f 44 00 00 00 00 00 00 00 00 00 00 20 05 00 00
0x000002374a65e224:   00 00 00 00 40 b5 21 6d fe 7f 00 00 ff ff ff ff
0x000002374a65e234:   00 00 00 00 00 00 00 00 00 00 00 00 48 8b 53 08
0x000002374a65e244:   0f b7 4a 34 0f b7 52 32 2b d1 81 fa f5 01 00 00
0x000002374a65e254:   0f 86 25 00 00 00 48 8b c2 48 c1 e0 03 48 83 c0
0x000002374a65e264:   58 49 03 87 10 04 00 00 48 3b e0 0f 87 0a 00 00
0x000002374a65e274:   00 58 49 8b e5 50 e9 01 a6 ff ff 58 4c 8d 74 cc
0x000002374a65e284:   f8 85 d2 0f 8e 09 00 00 00 68 00 00 00 00 ff ca
0x000002374a65e294:   7f f7 50 55 48 8b ec 41 55 68 00 00 00 00 4c 8b
0x000002374a65e2a4:   6b 08 4d 8d 6d 38 53 48 8b 53 08 48 8b 52 08 48
0x000002374a65e2b4:   8b 52 18 48 8b 52 70 48 8b 12 52 48 8b 53 10 48
0x000002374a65e2c4:   85 d2 0f 84 07 00 00 00 48 81 c2 38 01 00 00 52
0x000002374a65e2d4:   48 8b 53 08 48 8b 52 08 48 8b 52 10 52 41 56 41
0x000002374a65e2e4:   55 68 00 00 00 00 48 89 24 24 41 c6 87 e5 03 00
0x000002374a65e2f4:   00 01 48 8b 45 d8 48 85 c0 0f 84 8a 00 00 00 8b
0x000002374a65e304:   48 fc 85 c9 0f 88 7f 00 00 00 48 03 c1 48 8b 48
0x000002374a65e314:   08 48 83 e9 02 48 8b 54 c8 10 48 f7 da 49 8b 14
0x000002374a65e324:   d6 48 85 d2 75 0b 48 81 4c c8 18 01 00 00 00 eb
0x000002374a65e334:   52 8b 52 08 48 c1 e2 03 48 33 54 c8 18 48 f7 c2 


Stack slot to memory mapping:
stack at sp + 0 slots: 0x000002374a65a4c3 is at code_begin+2307 in an Interpreter codelet
invoke return entry points  [0x000002374a659bc0, 0x000002374a65a5a0]  2528 bytes
stack at sp + 1 slots: 0x0000000089f7f3d0 is an oop: com.android.build.gradle.internal.dsl.BaseAppModuleExtension_Decorated 
{0x0000000089f7f3d0} - klass: 'com/android/build/gradle/internal/dsl/BaseAppModuleExtension_Decorated'
stack at sp + 2 slots: 0x0000000089e8c028 is an oop: com.android.build.gradle.AppPlugin 
{0x0000000089e8c028} - klass: 'com/android/build/gradle/AppPlugin'
stack at sp + 3 slots: 0x0000000089e448f8 is an oop: org.gradle.api.internal.tasks.DefaultTaskContainer$TaskCreatingProvider_Decorated 
{0x0000000089e448f8} - klass: 'org/gradle/api/internal/tasks/DefaultTaskContainer$TaskCreatingProvider_Decorated'
stack at sp + 4 slots: 0x000000008b83da80 is an oop: java.lang.Object 
{0x000000008b83da80} - klass: 'java/lang/Object'
stack at sp + 5 slots: 0x0000000089e451f0 is an oop: com.android.build.gradle.internal.api.ApplicationVariantImpl_Decorated 
{0x0000000089e451f0} - klass: 'com/android/build/gradle/internal/api/ApplicationVariantImpl_Decorated'
stack at sp + 6 slots: 0x000000008b83dcf0 is an oop: org.jetbrains.kotlin.gradle.plugin.Android25ProjectHandler$wireKotlinTasks$1 
{0x000000008b83dcf0} - klass: 'org/jetbrains/kotlin/gradle/plugin/Android25ProjectHandler$wireKotlinTasks$1'
stack at sp + 7 slots: 0x000000008b83dcf0 is an oop: org.jetbrains.kotlin.gradle.plugin.Android25ProjectHandler$wireKotlinTasks$1 
{0x000000008b83dcf0} - klass: 'org/jetbrains/kotlin/gradle/plugin/Android25ProjectHandler$wireKotlinTasks$1'

method entry point (kind = zerolocals)  [0x000002374a65e240, 0x000002374a65e740]  1280 bytes

---------------  P R O C E S S  ---------------

Threads class SMR info:
_java_thread_list=0x0000023762df5460, length=141, elements={
0x0000023746b8a000, 0x0000023760ffb800, 0x0000023760ff5800, 0x000002376186a800,
0x000002376186e000, 0x000002376186f800, 0x0000023761873800, 0x0000023761874800,
0x0000023761878000, 0x00000237619f5000, 0x0000023764b59000, 0x0000023761e25000,
0x0000023764603000, 0x000002376452b000, 0x0000023764529800, 0x0000023764528000,
0x0000023764529000, 0x000002376452a800, 0x0000023763d2e000, 0x0000023763d2e800,
0x0000023763d29000, 0x0000023763d2c800, 0x0000023763d2a000, 0x0000023763c02800,
0x0000023763c03800, 0x0000023763c07000, 0x0000023763c04800, 0x0000023763c06000,
0x0000023767580000, 0x0000023767584800, 0x000002376f5f3000, 0x0000023769773800,
0x00000237633bd800, 0x0000023761d59000, 0x0000023761d5d800, 0x0000023761d5f800,
0x0000023761d59800, 0x000002376758c000, 0x0000023763c02000, 0x0000023761d52800,
0x000002376f5ec800, 0x0000023761d5d000, 0x0000023763c01000, 0x0000023763bfb800,
0x0000023763c05000, 0x000002376452c000, 0x0000023764526800, 0x000002376452d000,
0x0000023763d2f800, 0x0000023763d30800, 0x0000023763d2d000, 0x0000023763d31000,
0x0000023763d2b800, 0x0000023763d35000, 0x0000023763d32000, 0x0000023763d34800,
0x0000023763d33000, 0x0000023763d36000, 0x0000023763d33800, 0x0000023763d37000,
0x000002376976e000, 0x0000023769770800, 0x000002376976f000, 0x0000023769771000,
0x000002376976f800, 0x0000023769772000, 0x000002376976d000, 0x0000023769775800,
0x0000023769777000, 0x0000023769778000, 0x0000023769778800, 0x0000023769774800,
0x0000023769776000, 0x0000023769773000, 0x000002376977a000, 0x000002376977b000,
0x000002376977c000, 0x0000023769779800, 0x00000237633bc000, 0x00000237633bb800,
0x00000237633ba800, 0x00000237633b8000, 0x00000237633b9000, 0x00000237633bd000,
0x00000237633b7000, 0x00000237633be800, 0x00000237633bf800, 0x00000237633b9800,
0x00000237633c5000, 0x00000237633c2800, 0x00000237633c3800, 0x00000237633c6000,
0x00000237633c0000, 0x00000237633c1000, 0x00000237633c4800, 0x00000237633c2000,
0x0000023767e50000, 0x0000023767e4f000, 0x0000023767e53000, 0x0000023767e55000,
0x0000023767e56800, 0x0000023767e55800, 0x0000023767e52800, 0x0000023767e51000,
0x0000023767e57800, 0x0000023767e51800, 0x0000023767e59000, 0x0000023767e5a000,
0x0000023767e5e000, 0x0000023767e58000, 0x0000023767e5a800, 0x0000023767e5b800,
0x0000023767e5c000, 0x0000023767e5d000, 0x000002376f5e7800, 0x000002376f5e6000,
0x000002376f5e5000, 0x000002376f5ea000, 0x000002376f5eb800, 0x000002376f5e6800,
0x000002376f5ea800, 0x000002376f5ed000, 0x000002376f5ee000, 0x000002376f5e8000,
0x000002376f5e9000, 0x000002376f5ef000, 0x000002376f5f2000, 0x000002376f5ef800,
0x000002376f5f3800, 0x000002376f5f1000, 0x0000023767584000, 0x0000023767583000,
0x0000023767585800, 0x0000023767586800, 0x0000023767580800, 0x0000023767587000,
0x0000023767581800, 0x0000023767588000, 0x0000023767582000, 0x0000023767589800,
0x000002376758a800
}

Java Threads: ( => current thread )
  0x0000023746b8a000 JavaThread "main" [_thread_blocked, id=10448, stack(0x0000006526c00000,0x0000006526d00000)]
  0x0000023760ffb800 JavaThread "Reference Handler" daemon [_thread_blocked, id=2832, stack(0x0000006527300000,0x0000006527400000)]
  0x0000023760ff5800 JavaThread "Finalizer" daemon [_thread_blocked, id=3420, stack(0x0000006527400000,0x0000006527500000)]
  0x000002376186a800 JavaThread "Signal Dispatcher" daemon [_thread_blocked, id=7232, stack(0x0000006527500000,0x0000006527600000)]
  0x000002376186e000 JavaThread "Attach Listener" daemon [_thread_blocked, id=18132, stack(0x0000006527600000,0x0000006527700000)]
  0x000002376186f800 JavaThread "Service Thread" daemon [_thread_blocked, id=8916, stack(0x0000006527700000,0x0000006527800000)]
  0x0000023761873800 JavaThread "C2 CompilerThread0" daemon [_thread_blocked, id=9496, stack(0x0000006527800000,0x0000006527900000)]
  0x0000023761874800 JavaThread "C1 CompilerThread0" daemon [_thread_blocked, id=8976, stack(0x0000006527900000,0x0000006527a00000)]
  0x0000023761878000 JavaThread "Sweeper thread" daemon [_thread_blocked, id=7640, stack(0x0000006527a00000,0x0000006527b00000)]
  0x00000237619f5000 JavaThread "Common-Cleaner" daemon [_thread_blocked, id=5008, stack(0x0000006527b00000,0x0000006527c00000)]
  0x0000023764b59000 JavaThread "Daemon health stats" [_thread_blocked, id=8700, stack(0x0000006528000000,0x0000006528100000)]
  0x0000023761e25000 JavaThread "Incoming local TCP Connector on port 51457" [_thread_in_native, id=14252, stack(0x0000006527d00000,0x0000006527e00000)]
  0x0000023764603000 JavaThread "Daemon periodic checks" [_thread_blocked, id=19900, stack(0x0000006528100000,0x0000006528200000)]
  0x000002376452b000 JavaThread "Cache worker for journal cache (C:\Users\acer\.gradle\caches\journal-1)" [_thread_blocked, id=14276, stack(0x0000006528e00000,0x0000006528f00000)]
  0x0000023764529800 JavaThread "File lock request listener" [_thread_in_native, id=7876, stack(0x0000006528f00000,0x0000006529000000)]
  0x0000023764528000 JavaThread "Cache worker for file hash cache (C:\Users\acer\.gradle\caches\7.3.3\fileHashes)" [_thread_blocked, id=11260, stack(0x0000006529000000,0x0000006529100000)]
  0x0000023764529000 JavaThread "File watcher server" daemon [_thread_in_native, id=10064, stack(0x0000006529300000,0x0000006529400000)]
  0x000002376452a800 JavaThread "File watcher consumer" daemon [_thread_blocked, id=8620, stack(0x0000006529400000,0x0000006529500000)]
  0x0000023763d2e000 JavaThread "Cache worker for execution history cache (C:\Users\acer\.gradle\caches\7.3.3\executionHistory)" [_thread_blocked, id=20044, stack(0x0000006529800000,0x0000006529900000)]
  0x0000023763d2e800 JavaThread "jar transforms" [_thread_blocked, id=12772, stack(0x0000006529900000,0x0000006529a00000)]
  0x0000023763d29000 JavaThread "Cache worker for file content cache (C:\Users\acer\.gradle\caches\7.3.3\fileContent)" [_thread_blocked, id=1596, stack(0x0000006529a00000,0x0000006529b00000)]
  0x0000023763d2c800 JavaThread "jar transforms Thread 2" [_thread_blocked, id=18448, stack(0x0000006529b00000,0x0000006529c00000)]
  0x0000023763d2a000 JavaThread "jar transforms Thread 3" [_thread_blocked, id=17620, stack(0x0000006529d00000,0x0000006529e00000)]
  0x0000023763c02800 JavaThread "jar transforms Thread 4" [_thread_blocked, id=8136, stack(0x000000652ef00000,0x000000652f000000)]
  0x0000023763c03800 JavaThread "jar transforms Thread 5" [_thread_blocked, id=4696, stack(0x000000652f000000,0x000000652f100000)]
  0x0000023763c07000 JavaThread "jar transforms Thread 6" [_thread_blocked, id=17384, stack(0x000000652f100000,0x000000652f200000)]
  0x0000023763c04800 JavaThread "jar transforms Thread 7" [_thread_blocked, id=6552, stack(0x000000652f200000,0x000000652f300000)]
  0x0000023763c06000 JavaThread "jar transforms Thread 8" [_thread_blocked, id=18468, stack(0x000000652f300000,0x000000652f400000)]
  0x0000023767580000 JavaThread "Memory manager" [_thread_blocked, id=13952, stack(0x000000652f400000,0x000000652f500000)]
  0x0000023767584800 JavaThread "pool-3-thread-1" [_thread_blocked, id=13512, stack(0x000000652f800000,0x000000652f900000)]
  0x000002376f5f3000 JavaThread "pool-6-thread-1" [_thread_blocked, id=1768, stack(0x000000652ee00000,0x000000652ef00000)]
  0x0000023769773800 JavaThread "pool-9-thread-1" [_thread_blocked, id=15348, stack(0x000000652ed00000,0x000000652ee00000)]
  0x00000237633bd800 JavaThread "pool-12-thread-1" [_thread_blocked, id=2424, stack(0x000000652f600000,0x000000652f700000)]
  0x0000023761d59000 JavaThread "RMI Scheduler(0)" daemon [_thread_blocked, id=14728, stack(0x0000006530300000,0x0000006530400000)]
  0x0000023761d5d800 JavaThread "RMI GC Daemon" daemon [_thread_blocked, id=2796, stack(0x0000006530500000,0x0000006530600000)]
  0x0000023761d5f800 JavaThread "RMI TCP Accept-0" daemon [_thread_in_native, id=11236, stack(0x0000006530600000,0x0000006530700000)]
  0x0000023761d59800 JavaThread "RMI Reaper" [_thread_blocked, id=16088, stack(0x0000006530700000,0x0000006530800000)]
  0x000002376758c000 JavaThread "pool-16-thread-1" [_thread_blocked, id=15264, stack(0x000000652fb00000,0x000000652fc00000)]
  0x0000023763c02000 JavaThread "Cache worker for Java compile cache (C:\Users\acer\.gradle\caches\7.3.3\javaCompile)" [_thread_blocked, id=17356, stack(0x0000006529e00000,0x0000006529f00000)]
  0x0000023761d52800 JavaThread "pool-20-thread-1" [_thread_blocked, id=16764, stack(0x000000652fa00000,0x000000652fb00000)]
  0x000002376f5ec800 JavaThread "pool-24-thread-1" [_thread_blocked, id=10776, stack(0x000000652f700000,0x000000652f800000)]
  0x0000023761d5d000 JavaThread "pool-28-thread-1" [_thread_blocked, id=17776, stack(0x000000652fc00000,0x000000652fd00000)]
  0x0000023763c01000 JavaThread "ForkJoinPool.commonPool-worker-5" daemon [_thread_blocked, id=7808, stack(0x0000006530c00000,0x0000006530d00000)]
  0x0000023763bfb800 JavaThread "ForkJoinPool.commonPool-worker-7" daemon [_thread_blocked, id=12408, stack(0x0000006531800000,0x0000006531900000)]
  0x0000023763c05000 JavaThread "ForkJoinPool.commonPool-worker-9" daemon [_thread_blocked, id=18600, stack(0x0000006531900000,0x0000006531a00000)]
  0x000002376452c000 JavaThread "ForkJoinPool.commonPool-worker-11" daemon [_thread_blocked, id=17292, stack(0x0000006531a00000,0x0000006531b00000)]
  0x0000023764526800 JavaThread "ForkJoinPool.commonPool-worker-13" daemon [_thread_blocked, id=12724, stack(0x0000006531b00000,0x0000006531c00000)]
  0x000002376452d000 JavaThread "ForkJoinPool.commonPool-worker-15" daemon [_thread_blocked, id=12132, stack(0x0000006531c00000,0x0000006531d00000)]
  0x0000023763d2f800 JavaThread "Daemon Thread 7" [_thread_blocked, id=12764, stack(0x0000006526900000,0x0000006526a00000)]
  0x0000023763d30800 JavaThread "Handler for socket connection from /127.0.0.1:51457 to /127.0.0.1:52732" [_thread_in_native, id=12652, stack(0x0000006526a00000,0x0000006526b00000)]
  0x0000023763d2d000 JavaThread "Cancel handler" [_thread_blocked, id=10696, stack(0x0000006526b00000,0x0000006526c00000)]
=>0x0000023763d31000 JavaThread "Daemon worker Thread 7" [_thread_in_Java, id=13884, stack(0x0000006528200000,0x0000006528300000)]
  0x0000023763d2b800 JavaThread "Asynchronous log dispatcher for DefaultDaemonConnection: socket connection from /127.0.0.1:51457 to /127.0.0.1:52732" [_thread_blocked, id=15908, stack(0x0000006528300000,0x0000006528400000)]
  0x0000023763d35000 JavaThread "Stdin handler" [_thread_blocked, id=20456, stack(0x0000006528400000,0x0000006528500000)]
  0x0000023763d32000 JavaThread "Daemon client event forwarder" [_thread_blocked, id=19616, stack(0x0000006528500000,0x0000006528600000)]
  0x0000023763d34800 JavaThread "Cache worker for file hash cache (C:\Users\acer\AndroidStudioProjects\UnifarmDistribusi\.gradle\7.3.3\fileHashes)" [_thread_blocked, id=12616, stack(0x0000006528600000,0x0000006528700000)]
  0x0000023763d33000 JavaThread "Cache worker for checksums cache (C:\Users\acer\AndroidStudioProjects\UnifarmDistribusi\.gradle\7.3.3\checksums)" [_thread_blocked, id=2420, stack(0x0000006528700000,0x0000006528800000)]
  0x0000023763d36000 JavaThread "Cache worker for cache directory md-supplier (C:\Users\acer\.gradle\caches\7.3.3\md-supplier)" [_thread_blocked, id=12448, stack(0x0000006528800000,0x0000006528900000)]
  0x0000023763d33800 JavaThread "Cache worker for cache directory md-rule (C:\Users\acer\.gradle\caches\7.3.3\md-rule)" [_thread_blocked, id=19964, stack(0x0000006529200000,0x0000006529300000)]
  0x0000023763d37000 JavaThread "Cache worker for dependencies-accessors (C:\Users\acer\AndroidStudioProjects\UnifarmDistribusi\.gradle\7.3.3\dependencies-accessors)" [_thread_blocked, id=16620, stack(0x0000006529500000,0x0000006529600000)]
  0x000002376976e000 JavaThread "Cache worker for Build Output Cleanup Cache (C:\Users\acer\AndroidStudioProjects\UnifarmDistribusi\.gradle\buildOutputCleanup)" [_thread_blocked, id=16584, stack(0x0000006529600000,0x0000006529700000)]
  0x0000023769770800 JavaThread "Unconstrained build operations" [_thread_blocked, id=4564, stack(0x0000006529700000,0x0000006529800000)]
  0x000002376976f000 JavaThread "Unconstrained build operations Thread 2" [_thread_blocked, id=5228, stack(0x0000006529c00000,0x0000006529d00000)]
  0x0000023769771000 JavaThread "Unconstrained build operations Thread 3" [_thread_blocked, id=5628, stack(0x0000006529f00000,0x000000652a000000)]
  0x000002376976f800 JavaThread "Unconstrained build operations Thread 4" [_thread_blocked, id=2308, stack(0x000000652a000000,0x000000652a100000)]
  0x0000023769772000 JavaThread "Unconstrained build operations Thread 5" [_thread_blocked, id=9128, stack(0x000000652a100000,0x000000652a200000)]
  0x000002376976d000 JavaThread "Unconstrained build operations Thread 6" [_thread_blocked, id=15236, stack(0x000000652a200000,0x000000652a300000)]
  0x0000023769775800 JavaThread "Unconstrained build operations Thread 7" [_thread_blocked, id=13436, stack(0x000000652a300000,0x000000652a400000)]
  0x0000023769777000 JavaThread "Unconstrained build operations Thread 8" [_thread_blocked, id=1912, stack(0x000000652a400000,0x000000652a500000)]
  0x0000023769778000 JavaThread "Unconstrained build operations Thread 9" [_thread_blocked, id=9044, stack(0x000000652a500000,0x000000652a600000)]
  0x0000023769778800 JavaThread "Unconstrained build operations Thread 10" [_thread_blocked, id=8460, stack(0x000000652a600000,0x000000652a700000)]
  0x0000023769774800 JavaThread "Unconstrained build operations Thread 11" [_thread_blocked, id=19400, stack(0x000000652a700000,0x000000652a800000)]
  0x0000023769776000 JavaThread "Unconstrained build operations Thread 12" [_thread_blocked, id=14196, stack(0x000000652a800000,0x000000652a900000)]
  0x0000023769773000 JavaThread "Unconstrained build operations Thread 13" [_thread_blocked, id=7732, stack(0x000000652a900000,0x000000652aa00000)]
  0x000002376977a000 JavaThread "Unconstrained build operations Thread 14" [_thread_blocked, id=15268, stack(0x000000652aa00000,0x000000652ab00000)]
  0x000002376977b000 JavaThread "Unconstrained build operations Thread 15" [_thread_blocked, id=6080, stack(0x000000652ab00000,0x000000652ac00000)]
  0x000002376977c000 JavaThread "Unconstrained build operations Thread 16" [_thread_blocked, id=12388, stack(0x000000652ac00000,0x000000652ad00000)]
  0x0000023769779800 JavaThread "Unconstrained build operations Thread 17" [_thread_blocked, id=4300, stack(0x000000652ad00000,0x000000652ae00000)]
  0x00000237633bc000 JavaThread "Unconstrained build operations Thread 18" [_thread_blocked, id=18136, stack(0x000000652ae00000,0x000000652af00000)]
  0x00000237633bb800 JavaThread "Unconstrained build operations Thread 19" [_thread_blocked, id=15896, stack(0x000000652af00000,0x000000652b000000)]
  0x00000237633ba800 JavaThread "Unconstrained build operations Thread 20" [_thread_blocked, id=18652, stack(0x000000652b000000,0x000000652b100000)]
  0x00000237633b8000 JavaThread "Unconstrained build operations Thread 21" [_thread_blocked, id=17592, stack(0x000000652b100000,0x000000652b200000)]
  0x00000237633b9000 JavaThread "Unconstrained build operations Thread 22" [_thread_blocked, id=9440, stack(0x000000652b200000,0x000000652b300000)]
  0x00000237633bd000 JavaThread "Unconstrained build operations Thread 23" [_thread_blocked, id=17168, stack(0x000000652b300000,0x000000652b400000)]
  0x00000237633b7000 JavaThread "Unconstrained build operations Thread 24" [_thread_blocked, id=7244, stack(0x000000652b400000,0x000000652b500000)]
  0x00000237633be800 JavaThread "Unconstrained build operations Thread 25" [_thread_blocked, id=3196, stack(0x000000652b500000,0x000000652b600000)]
  0x00000237633bf800 JavaThread "Unconstrained build operations Thread 26" [_thread_blocked, id=6716, stack(0x000000652b600000,0x000000652b700000)]
  0x00000237633b9800 JavaThread "Unconstrained build operations Thread 27" [_thread_blocked, id=18100, stack(0x000000652b700000,0x000000652b800000)]
  0x00000237633c5000 JavaThread "Unconstrained build operations Thread 28" [_thread_blocked, id=10424, stack(0x000000652b800000,0x000000652b900000)]
  0x00000237633c2800 JavaThread "Unconstrained build operations Thread 29" [_thread_blocked, id=14148, stack(0x000000652b900000,0x000000652ba00000)]
  0x00000237633c3800 JavaThread "Unconstrained build operations Thread 30" [_thread_blocked, id=8592, stack(0x000000652ba00000,0x000000652bb00000)]
  0x00000237633c6000 JavaThread "Unconstrained build operations Thread 31" [_thread_blocked, id=5988, stack(0x000000652bb00000,0x000000652bc00000)]
  0x00000237633c0000 JavaThread "Unconstrained build operations Thread 32" [_thread_blocked, id=13280, stack(0x000000652bc00000,0x000000652bd00000)]
  0x00000237633c1000 JavaThread "Unconstrained build operations Thread 33" [_thread_blocked, id=9664, stack(0x000000652bd00000,0x000000652be00000)]
  0x00000237633c4800 JavaThread "Unconstrained build operations Thread 34" [_thread_blocked, id=13708, stack(0x000000652be00000,0x000000652bf00000)]
  0x00000237633c2000 JavaThread "Unconstrained build operations Thread 35" [_thread_blocked, id=20384, stack(0x000000652bf00000,0x000000652c000000)]
  0x0000023767e50000 JavaThread "Unconstrained build operations Thread 36" [_thread_blocked, id=9000, stack(0x000000652c000000,0x000000652c100000)]
  0x0000023767e4f000 JavaThread "Unconstrained build operations Thread 37" [_thread_blocked, id=15604, stack(0x000000652c100000,0x000000652c200000)]
  0x0000023767e53000 JavaThread "Unconstrained build operations Thread 38" [_thread_blocked, id=10880, stack(0x000000652c200000,0x000000652c300000)]
  0x0000023767e55000 JavaThread "Unconstrained build operations Thread 39" [_thread_blocked, id=10212, stack(0x000000652c300000,0x000000652c400000)]
  0x0000023767e56800 JavaThread "Unconstrained build operations Thread 40" [_thread_blocked, id=7396, stack(0x000000652c400000,0x000000652c500000)]
  0x0000023767e55800 JavaThread "Unconstrained build operations Thread 41" [_thread_blocked, id=19364, stack(0x000000652c500000,0x000000652c600000)]
  0x0000023767e52800 JavaThread "Unconstrained build operations Thread 42" [_thread_blocked, id=16116, stack(0x000000652c600000,0x000000652c700000)]
  0x0000023767e51000 JavaThread "Unconstrained build operations Thread 43" [_thread_blocked, id=19980, stack(0x000000652c700000,0x000000652c800000)]
  0x0000023767e57800 JavaThread "Unconstrained build operations Thread 44" [_thread_blocked, id=13652, stack(0x000000652c800000,0x000000652c900000)]
  0x0000023767e51800 JavaThread "Unconstrained build operations Thread 45" [_thread_blocked, id=10088, stack(0x000000652c900000,0x000000652ca00000)]
  0x0000023767e59000 JavaThread "Unconstrained build operations Thread 46" [_thread_blocked, id=19536, stack(0x000000652ca00000,0x000000652cb00000)]
  0x0000023767e5a000 JavaThread "Unconstrained build operations Thread 47" [_thread_blocked, id=5584, stack(0x000000652cb00000,0x000000652cc00000)]
  0x0000023767e5e000 JavaThread "Unconstrained build operations Thread 48" [_thread_blocked, id=13584, stack(0x000000652cc00000,0x000000652cd00000)]
  0x0000023767e58000 JavaThread "Unconstrained build operations Thread 49" [_thread_blocked, id=10300, stack(0x000000652cd00000,0x000000652ce00000)]
  0x0000023767e5a800 JavaThread "Unconstrained build operations Thread 50" [_thread_blocked, id=8060, stack(0x000000652ce00000,0x000000652cf00000)]
  0x0000023767e5b800 JavaThread "Unconstrained build operations Thread 51" [_thread_blocked, id=18668, stack(0x000000652cf00000,0x000000652d000000)]
  0x0000023767e5c000 JavaThread "Unconstrained build operations Thread 52" [_thread_blocked, id=2368, stack(0x000000652d000000,0x000000652d100000)]
  0x0000023767e5d000 JavaThread "Unconstrained build operations Thread 53" [_thread_blocked, id=7544, stack(0x000000652d100000,0x000000652d200000)]
  0x000002376f5e7800 JavaThread "Unconstrained build operations Thread 54" [_thread_blocked, id=9560, stack(0x000000652d200000,0x000000652d300000)]
  0x000002376f5e6000 JavaThread "Unconstrained build operations Thread 55" [_thread_blocked, id=20324, stack(0x000000652d300000,0x000000652d400000)]
  0x000002376f5e5000 JavaThread "Unconstrained build operations Thread 56" [_thread_blocked, id=1324, stack(0x000000652d400000,0x000000652d500000)]
  0x000002376f5ea000 JavaThread "Unconstrained build operations Thread 57" [_thread_blocked, id=18612, stack(0x000000652d500000,0x000000652d600000)]
  0x000002376f5eb800 JavaThread "Unconstrained build operations Thread 58" [_thread_blocked, id=14552, stack(0x000000652d600000,0x000000652d700000)]
  0x000002376f5e6800 JavaThread "Unconstrained build operations Thread 59" [_thread_blocked, id=13764, stack(0x000000652d700000,0x000000652d800000)]
  0x000002376f5ea800 JavaThread "Unconstrained build operations Thread 60" [_thread_blocked, id=17052, stack(0x000000652d800000,0x000000652d900000)]
  0x000002376f5ed000 JavaThread "Unconstrained build operations Thread 61" [_thread_blocked, id=15780, stack(0x000000652d900000,0x000000652da00000)]
  0x000002376f5ee000 JavaThread "Unconstrained build operations Thread 62" [_thread_blocked, id=7820, stack(0x000000652da00000,0x000000652db00000)]
  0x000002376f5e8000 JavaThread "Unconstrained build operations Thread 63" [_thread_blocked, id=17280, stack(0x000000652db00000,0x000000652dc00000)]
  0x000002376f5e9000 JavaThread "Unconstrained build operations Thread 64" [_thread_blocked, id=1628, stack(0x000000652dc00000,0x000000652dd00000)]
  0x000002376f5ef000 JavaThread "Unconstrained build operations Thread 65" [_thread_blocked, id=16704, stack(0x000000652dd00000,0x000000652de00000)]
  0x000002376f5f2000 JavaThread "Unconstrained build operations Thread 66" [_thread_blocked, id=11912, stack(0x000000652de00000,0x000000652df00000)]
  0x000002376f5ef800 JavaThread "Unconstrained build operations Thread 67" [_thread_blocked, id=15820, stack(0x000000652df00000,0x000000652e000000)]
  0x000002376f5f3800 JavaThread "Unconstrained build operations Thread 68" [_thread_blocked, id=19772, stack(0x000000652e000000,0x000000652e100000)]
  0x000002376f5f1000 JavaThread "Unconstrained build operations Thread 69" [_thread_blocked, id=14816, stack(0x000000652e100000,0x000000652e200000)]
  0x0000023767584000 JavaThread "Unconstrained build operations Thread 70" [_thread_blocked, id=15972, stack(0x000000652e200000,0x000000652e300000)]
  0x0000023767583000 JavaThread "Unconstrained build operations Thread 71" [_thread_blocked, id=13084, stack(0x000000652e300000,0x000000652e400000)]
  0x0000023767585800 JavaThread "Unconstrained build operations Thread 72" [_thread_blocked, id=16580, stack(0x000000652e400000,0x000000652e500000)]
  0x0000023767586800 JavaThread "Unconstrained build operations Thread 73" [_thread_blocked, id=3504, stack(0x000000652e500000,0x000000652e600000)]
  0x0000023767580800 JavaThread "Unconstrained build operations Thread 74" [_thread_blocked, id=1576, stack(0x000000652e600000,0x000000652e700000)]
  0x0000023767587000 JavaThread "Unconstrained build operations Thread 75" [_thread_blocked, id=18012, stack(0x000000652e700000,0x000000652e800000)]
  0x0000023767581800 JavaThread "Unconstrained build operations Thread 76" [_thread_blocked, id=8184, stack(0x000000652e800000,0x000000652e900000)]
  0x0000023767588000 JavaThread "Unconstrained build operations Thread 77" [_thread_blocked, id=12508, stack(0x000000652e900000,0x000000652ea00000)]
  0x0000023767582000 JavaThread "Unconstrained build operations Thread 78" [_thread_blocked, id=2364, stack(0x000000652ea00000,0x000000652eb00000)]
  0x0000023767589800 JavaThread "Unconstrained build operations Thread 79" [_thread_blocked, id=14984, stack(0x000000652eb00000,0x000000652ec00000)]
  0x000002376758a800 JavaThread "Unconstrained build operations Thread 80" [_thread_blocked, id=1880, stack(0x000000652ec00000,0x000000652ed00000)]

Other Threads:
  0x0000023761823800 VMThread "VM Thread" [stack: 0x0000006527200000,0x0000006527300000] [id=15872] _threads_hazard_ptr=0x0000023762df5460
  0x0000023761a60000 WatcherThread [stack: 0x0000006527c00000,0x0000006527d00000] [id=7460]
  0x0000023746ba0800 GCTaskThread "GC Thread#0" [stack: 0x0000006526d00000,0x0000006526e00000] [id=6556]
  0x0000023762542800 GCTaskThread "GC Thread#1" [stack: 0x0000006527e00000,0x0000006527f00000] [id=17028]
  0x00000237625ad000 GCTaskThread "GC Thread#2" [stack: 0x0000006527f00000,0x0000006528000000] [id=11584]
  0x0000023762f46800 GCTaskThread "GC Thread#3" [stack: 0x0000006528900000,0x0000006528a00000] [id=8736]
  0x0000023764025800 GCTaskThread "GC Thread#4" [stack: 0x0000006528a00000,0x0000006528b00000] [id=17712]
  0x0000023764e8a800 GCTaskThread "GC Thread#5" [stack: 0x0000006528b00000,0x0000006528c00000] [id=9684]
  0x0000023764ae3800 GCTaskThread "GC Thread#6" [stack: 0x0000006528c00000,0x0000006528d00000] [id=6152]
  0x00000237641da800 GCTaskThread "GC Thread#7" [stack: 0x0000006528d00000,0x0000006528e00000] [id=5152]
  0x0000023746bd2800 ConcurrentGCThread "G1 Main Marker" [stack: 0x0000006526e00000,0x0000006526f00000] [id=16836]
  0x0000023746bd3800 ConcurrentGCThread "G1 Conc#0" [stack: 0x0000006526f00000,0x0000006527000000] [id=12284]
  0x000002376424e000 ConcurrentGCThread "G1 Conc#1" [stack: 0x0000006529100000,0x0000006529200000] [id=15664]
  0x0000023746c1e800 ConcurrentGCThread "G1 Refine#0" [stack: 0x0000006527000000,0x0000006527100000] [id=9916]
  0x0000023760e57800 ConcurrentGCThread "G1 Young RemSet Sampling" [stack: 0x0000006527100000,0x0000006527200000] [id=17396]

Threads with active compile tasks:

VM state:synchronizing (normal execution)

VM Mutex/Monitor currently owned by a thread:  ([mutex/lock_event])
[0x0000023746b87800] Safepoint_lock - owner thread: 0x0000023761823800
[0x0000023746b863c0] Threads_lock - owner thread: 0x0000023761823800
[0x0000023746b864e0] Heap_lock - owner thread: 0x0000023746bd2800

Heap address: 0x0000000080000000, size: 2048 MB, Compressed Oops mode: 32-bit
Narrow klass base: 0x0000000000000000, Narrow klass shift: 3
Compressed class space size: 1073741824 Address: 0x0000000100000000

Heap:
 garbage-first heap   total 189440K, used 141813K [0x0000000080000000, 0x0000000100000000)
  region size 1024K, 4 young (4096K), 3 survivors (3072K)
 Metaspace       used 126004K, capacity 130408K, committed 130636K, reserved 1163264K
  class space    used 15892K, capacity 17524K, committed 17612K, reserved 1048576K
Heap Regions: E=young(eden), S=young(survivor), O=old, HS=humongous(starts), HC=humongous(continues), CS=collection set, F=free, A=archive, TAMS=top-at-mark-start (previous, next)
|   0|0x0000000080000000, 0x0000000080100000, 0x0000000080100000|100%| O|  |TAMS 0x0000000080100000, 0x0000000080100000| Untracked 
|   1|0x0000000080100000, 0x0000000080200000, 0x0000000080200000|100%| O|  |TAMS 0x0000000080200000, 0x0000000080200000| Untracked 
|   2|0x0000000080200000, 0x0000000080300000, 0x0000000080300000|100%| O|  |TAMS 0x0000000080300000, 0x0000000080300000| Untracked 
|   3|0x0000000080300000, 0x0000000080400000, 0x0000000080400000|100%|HS|  |TAMS 0x0000000080400000, 0x0000000080400000| Complete 
|   4|0x0000000080400000, 0x0000000080500000, 0x0000000080500000|100%|HC|  |TAMS 0x0000000080500000, 0x0000000080500000| Complete 
|   5|0x0000000080500000, 0x0000000080600000, 0x0000000080600000|100%|HC|  |TAMS 0x0000000080600000, 0x0000000080600000| Complete 
|   6|0x0000000080600000, 0x0000000080700000, 0x0000000080700000|100%| O|  |TAMS 0x0000000080700000, 0x0000000080700000| Untracked 
|   7|0x0000000080700000, 0x0000000080800000, 0x0000000080800000|100%| O|  |TAMS 0x0000000080800000, 0x0000000080800000| Untracked 
|   8|0x0000000080800000, 0x0000000080900000, 0x0000000080900000|100%| O|  |TAMS 0x0000000080900000, 0x0000000080900000| Untracked 
|   9|0x0000000080900000, 0x0000000080a00000, 0x0000000080a00000|100%| O|  |TAMS 0x0000000080a00000, 0x0000000080a00000| Untracked 
|  10|0x0000000080a00000, 0x0000000080b00000, 0x0000000080b00000|100%| O|  |TAMS 0x0000000080b00000, 0x0000000080b00000| Untracked 
|  11|0x0000000080b00000, 0x0000000080c00000, 0x0000000080c00000|100%| O|  |TAMS 0x0000000080c00000, 0x0000000080c00000| Untracked 
|  12|0x0000000080c00000, 0x0000000080d00000, 0x0000000080d00000|100%| O|  |TAMS 0x0000000080d00000, 0x0000000080d00000| Untracked 
|  13|0x0000000080d00000, 0x0000000080e00000, 0x0000000080e00000|100%| O|  |TAMS 0x0000000080e00000, 0x0000000080e00000| Untracked 
|  14|0x0000000080e00000, 0x0000000080f00000, 0x0000000080f00000|100%| O|  |TAMS 0x0000000080f00000, 0x0000000080f00000| Untracked 
|  15|0x0000000080f00000, 0x0000000081000000, 0x0000000081000000|100%| O|  |TAMS 0x0000000081000000, 0x0000000081000000| Untracked 
|  16|0x0000000081000000, 0x0000000081100000, 0x0000000081100000|100%| O|  |TAMS 0x0000000081100000, 0x0000000081100000| Untracked 
|  17|0x0000000081100000, 0x0000000081200000, 0x0000000081200000|100%| O|  |TAMS 0x0000000081200000, 0x0000000081200000| Untracked 
|  18|0x0000000081200000, 0x0000000081300000, 0x0000000081300000|100%| O|  |TAMS 0x0000000081300000, 0x0000000081300000| Untracked 
|  19|0x0000000081300000, 0x0000000081400000, 0x0000000081400000|100%| O|  |TAMS 0x0000000081400000, 0x0000000081400000| Untracked 
|  20|0x0000000081400000, 0x0000000081500000, 0x0000000081500000|100%| O|  |TAMS 0x0000000081500000, 0x0000000081500000| Untracked 
|  21|0x0000000081500000, 0x0000000081600000, 0x0000000081600000|100%| O|  |TAMS 0x0000000081600000, 0x0000000081600000| Untracked 
|  22|0x0000000081600000, 0x0000000081700000, 0x0000000081700000|100%| O|  |TAMS 0x0000000081700000, 0x0000000081700000| Untracked 
|  23|0x0000000081700000, 0x0000000081800000, 0x0000000081800000|100%| O|  |TAMS 0x0000000081800000, 0x0000000081800000| Untracked 
|  24|0x0000000081800000, 0x0000000081900000, 0x0000000081900000|100%| O|  |TAMS 0x0000000081900000, 0x0000000081900000| Untracked 
|  25|0x0000000081900000, 0x0000000081a00000, 0x0000000081a00000|100%| O|  |TAMS 0x0000000081a00000, 0x0000000081a00000| Untracked 
|  26|0x0000000081a00000, 0x0000000081b00000, 0x0000000081b00000|100%| O|  |TAMS 0x0000000081a00000, 0x0000000081b00000| Untracked 
|  27|0x0000000081b00000, 0x0000000081c00000, 0x0000000081c00000|100%|HS|  |TAMS 0x0000000081c00000, 0x0000000081c00000| Complete 
|  28|0x0000000081c00000, 0x0000000081d00000, 0x0000000081d00000|100%|HS|  |TAMS 0x0000000081d00000, 0x0000000081d00000| Complete 
|  29|0x0000000081d00000, 0x0000000081e00000, 0x0000000081e00000|100%|HS|  |TAMS 0x0000000081e00000, 0x0000000081e00000| Complete 
|  30|0x0000000081e00000, 0x0000000081f00000, 0x0000000081f00000|100%|HS|  |TAMS 0x0000000081f00000, 0x0000000081f00000| Complete 
|  31|0x0000000081f00000, 0x0000000082000000, 0x0000000082000000|100%|HC|  |TAMS 0x0000000082000000, 0x0000000082000000| Complete 
|  32|0x0000000082000000, 0x0000000082100000, 0x0000000082100000|100%|HC|  |TAMS 0x0000000082100000, 0x0000000082100000| Complete 
|  33|0x0000000082100000, 0x0000000082200000, 0x0000000082200000|100%|HS|  |TAMS 0x0000000082200000, 0x0000000082200000| Complete 
|  34|0x0000000082200000, 0x0000000082300000, 0x0000000082300000|100%|HC|  |TAMS 0x0000000082300000, 0x0000000082300000| Complete 
|  35|0x0000000082300000, 0x0000000082400000, 0x0000000082400000|100%| O|  |TAMS 0x0000000082400000, 0x0000000082400000| Untracked 
|  36|0x0000000082400000, 0x0000000082500000, 0x0000000082500000|100%| O|  |TAMS 0x0000000082500000, 0x0000000082500000| Untracked 
|  37|0x0000000082500000, 0x0000000082600000, 0x0000000082600000|100%| O|  |TAMS 0x0000000082600000, 0x0000000082600000| Untracked 
|  38|0x0000000082600000, 0x0000000082700000, 0x0000000082700000|100%| O|  |TAMS 0x0000000082700000, 0x0000000082700000| Untracked 
|  39|0x0000000082700000, 0x0000000082800000, 0x0000000082800000|100%| O|  |TAMS 0x0000000082800000, 0x0000000082800000| Untracked 
|  40|0x0000000082800000, 0x0000000082900000, 0x0000000082900000|100%| O|  |TAMS 0x0000000082900000, 0x0000000082900000| Untracked 
|  41|0x0000000082900000, 0x0000000082a00000, 0x0000000082a00000|100%| O|  |TAMS 0x0000000082a00000, 0x0000000082a00000| Untracked 
|  42|0x0000000082a00000, 0x0000000082b00000, 0x0000000082b00000|100%| O|  |TAMS 0x0000000082b00000, 0x0000000082b00000| Untracked 
|  43|0x0000000082b00000, 0x0000000082c00000, 0x0000000082c00000|100%| O|  |TAMS 0x0000000082c00000, 0x0000000082c00000| Untracked 
|  44|0x0000000082c00000, 0x0000000082d00000, 0x0000000082d00000|100%| O|  |TAMS 0x0000000082d00000, 0x0000000082d00000| Untracked 
|  45|0x0000000082d00000, 0x0000000082e00000, 0x0000000082e00000|100%| O|  |TAMS 0x0000000082e00000, 0x0000000082e00000| Untracked 
|  46|0x0000000082e00000, 0x0000000082f00000, 0x0000000082f00000|100%| O|  |TAMS 0x0000000082f00000, 0x0000000082f00000| Untracked 
|  47|0x0000000082f00000, 0x0000000083000000, 0x0000000083000000|100%| O|  |TAMS 0x0000000083000000, 0x0000000083000000| Untracked 
|  48|0x0000000083000000, 0x0000000083100000, 0x0000000083100000|100%| O|  |TAMS 0x0000000083100000, 0x0000000083100000| Untracked 
|  49|0x0000000083100000, 0x000000008317d400, 0x0000000083200000| 48%| O|  |TAMS 0x0000000083100000, 0x000000008317d400| Untracked 
|  50|0x0000000083200000, 0x0000000083300000, 0x0000000083300000|100%| O|  |TAMS 0x0000000083300000, 0x0000000083300000| Untracked 
|  51|0x0000000083300000, 0x0000000083400000, 0x0000000083400000|100%| O|  |TAMS 0x0000000083400000, 0x0000000083400000| Untracked 
|  52|0x0000000083400000, 0x0000000083400000, 0x0000000083500000|  0%| F|  |TAMS 0x0000000083400000, 0x0000000083400000| Untracked 
|  53|0x0000000083500000, 0x0000000083600000, 0x0000000083600000|100%| O|  |TAMS 0x0000000083600000, 0x0000000083600000| Untracked 
|  54|0x0000000083600000, 0x0000000083700000, 0x0000000083700000|100%| O|  |TAMS 0x0000000083700000, 0x0000000083700000| Untracked 
|  55|0x0000000083700000, 0x0000000083800000, 0x0000000083800000|100%| O|  |TAMS 0x0000000083800000, 0x0000000083800000| Untracked 
|  56|0x0000000083800000, 0x0000000083900000, 0x0000000083900000|100%| O|  |TAMS 0x0000000083900000, 0x0000000083900000| Untracked 
|  57|0x0000000083900000, 0x0000000083a00000, 0x0000000083a00000|100%| O|  |TAMS 0x0000000083a00000, 0x0000000083a00000| Untracked 
|  58|0x0000000083a00000, 0x0000000083b00000, 0x0000000083b00000|100%| O|  |TAMS 0x0000000083b00000, 0x0000000083b00000| Untracked 
|  59|0x0000000083b00000, 0x0000000083c00000, 0x0000000083c00000|100%| O|  |TAMS 0x0000000083c00000, 0x0000000083c00000| Untracked 
|  60|0x0000000083c00000, 0x0000000083d00000, 0x0000000083d00000|100%| O|  |TAMS 0x0000000083d00000, 0x0000000083d00000| Untracked 
|  61|0x0000000083d00000, 0x0000000083e00000, 0x0000000083e00000|100%| O|  |TAMS 0x0000000083e00000, 0x0000000083e00000| Untracked 
|  62|0x0000000083e00000, 0x0000000083f00000, 0x0000000083f00000|100%| O|  |TAMS 0x0000000083f00000, 0x0000000083f00000| Untracked 
|  63|0x0000000083f00000, 0x0000000084000000, 0x0000000084000000|100%| O|  |TAMS 0x0000000084000000, 0x0000000084000000| Untracked 
|  64|0x0000000084000000, 0x0000000084100000, 0x0000000084100000|100%| O|  |TAMS 0x0000000084100000, 0x0000000084100000| Untracked 
|  65|0x0000000084100000, 0x0000000084200000, 0x0000000084200000|100%| O|  |TAMS 0x0000000084200000, 0x0000000084200000| Untracked 
|  66|0x0000000084200000, 0x0000000084300000, 0x0000000084300000|100%| O|  |TAMS 0x0000000084300000, 0x0000000084300000| Untracked 
|  67|0x0000000084300000, 0x0000000084400000, 0x0000000084400000|100%| O|  |TAMS 0x0000000084400000, 0x0000000084400000| Untracked 
|  68|0x0000000084400000, 0x0000000084500000, 0x0000000084500000|100%| O|  |TAMS 0x0000000084500000, 0x0000000084500000| Untracked 
|  69|0x0000000084500000, 0x0000000084600000, 0x0000000084600000|100%| O|  |TAMS 0x0000000084600000, 0x0000000084600000| Untracked 
|  70|0x0000000084600000, 0x0000000084700000, 0x0000000084700000|100%| O|  |TAMS 0x0000000084700000, 0x0000000084700000| Untracked 
|  71|0x0000000084700000, 0x0000000084800000, 0x0000000084800000|100%| O|  |TAMS 0x0000000084800000, 0x0000000084800000| Untracked 
|  72|0x0000000084800000, 0x0000000084900000, 0x0000000084900000|100%| O|  |TAMS 0x0000000084800000, 0x0000000084900000| Untracked 
|  73|0x0000000084900000, 0x0000000084a00000, 0x0000000084a00000|100%| O|  |TAMS 0x0000000084a00000, 0x0000000084a00000| Untracked 
|  74|0x0000000084a00000, 0x0000000084b00000, 0x0000000084b00000|100%| O|  |TAMS 0x0000000084b00000, 0x0000000084b00000| Untracked 
|  75|0x0000000084b00000, 0x0000000084c00000, 0x0000000084c00000|100%| O|  |TAMS 0x0000000084b00000, 0x0000000084c00000| Untracked 
|  76|0x0000000084c00000, 0x0000000084d00000, 0x0000000084d00000|100%| O|  |TAMS 0x0000000084d00000, 0x0000000084d00000| Untracked 
|  77|0x0000000084d00000, 0x0000000084e00000, 0x0000000084e00000|100%| O|  |TAMS 0x0000000084e00000, 0x0000000084e00000| Untracked 
|  78|0x0000000084e00000, 0x0000000084f00000, 0x0000000084f00000|100%| O|  |TAMS 0x0000000084f00000, 0x0000000084f00000| Untracked 
|  79|0x0000000084f00000, 0x0000000085000000, 0x0000000085000000|100%| O|  |TAMS 0x0000000085000000, 0x0000000085000000| Untracked 
|  80|0x0000000085000000, 0x0000000085100000, 0x0000000085100000|100%| O|  |TAMS 0x0000000085100000, 0x0000000085100000| Untracked 
|  81|0x0000000085100000, 0x0000000085200000, 0x0000000085200000|100%| O|  |TAMS 0x0000000085200000, 0x0000000085200000| Untracked 
|  82|0x0000000085200000, 0x0000000085300000, 0x0000000085300000|100%| O|  |TAMS 0x0000000085300000, 0x0000000085300000| Untracked 
|  83|0x0000000085300000, 0x0000000085400000, 0x0000000085400000|100%| O|  |TAMS 0x0000000085400000, 0x0000000085400000| Untracked 
|  84|0x0000000085400000, 0x0000000085500000, 0x0000000085500000|100%| O|  |TAMS 0x0000000085500000, 0x0000000085500000| Untracked 
|  85|0x0000000085500000, 0x0000000085600000, 0x0000000085600000|100%| O|  |TAMS 0x0000000085500000, 0x0000000085600000| Untracked 
|  86|0x0000000085600000, 0x0000000085700000, 0x0000000085700000|100%| O|  |TAMS 0x0000000085700000, 0x0000000085700000| Untracked 
|  87|0x0000000085700000, 0x0000000085800000, 0x0000000085800000|100%| O|  |TAMS 0x0000000085800000, 0x0000000085800000| Untracked 
|  88|0x0000000085800000, 0x0000000085900000, 0x0000000085900000|100%| O|  |TAMS 0x0000000085900000, 0x0000000085900000| Untracked 
|  89|0x0000000085900000, 0x0000000085a00000, 0x0000000085a00000|100%| O|  |TAMS 0x0000000085a00000, 0x0000000085a00000| Untracked 
|  90|0x0000000085a00000, 0x0000000085a00000, 0x0000000085b00000|  0%| F|  |TAMS 0x0000000085a00000, 0x0000000085a00000| Untracked 
|  91|0x0000000085b00000, 0x0000000085c00000, 0x0000000085c00000|100%| O|  |TAMS 0x0000000085c00000, 0x0000000085c00000| Untracked 
|  92|0x0000000085c00000, 0x0000000085d00000, 0x0000000085d00000|100%| O|  |TAMS 0x0000000085c00000, 0x0000000085d00000| Untracked 
|  93|0x0000000085d00000, 0x0000000085e00000, 0x0000000085e00000|100%| O|  |TAMS 0x0000000085e00000, 0x0000000085e00000| Untracked 
|  94|0x0000000085e00000, 0x0000000085f00000, 0x0000000085f00000|100%| O|  |TAMS 0x0000000085f00000, 0x0000000085f00000| Untracked 
|  95|0x0000000085f00000, 0x0000000086000000, 0x0000000086000000|100%| O|  |TAMS 0x0000000086000000, 0x0000000086000000| Untracked 
|  96|0x0000000086000000, 0x0000000086100000, 0x0000000086100000|100%| O|  |TAMS 0x0000000086100000, 0x0000000086100000| Untracked 
|  97|0x0000000086100000, 0x0000000086200000, 0x0000000086200000|100%| O|  |TAMS 0x0000000086200000, 0x0000000086200000| Untracked 
|  98|0x0000000086200000, 0x0000000086300000, 0x0000000086300000|100%| O|  |TAMS 0x0000000086300000, 0x0000000086300000| Untracked 
|  99|0x0000000086300000, 0x0000000086400000, 0x0000000086400000|100%| O|  |TAMS 0x0000000086300000, 0x0000000086400000| Untracked 
| 100|0x0000000086400000, 0x0000000086500000, 0x0000000086500000|100%| O|  |TAMS 0x0000000086500000, 0x0000000086500000| Untracked 
| 101|0x0000000086500000, 0x0000000086600000, 0x0000000086600000|100%| O|  |TAMS 0x0000000086600000, 0x0000000086600000| Untracked 
| 102|0x0000000086600000, 0x0000000086700000, 0x0000000086700000|100%| O|  |TAMS 0x0000000086700000, 0x0000000086700000| Untracked 
| 103|0x0000000086700000, 0x0000000086800000, 0x0000000086800000|100%| O|  |TAMS 0x0000000086800000, 0x0000000086800000| Untracked 
| 104|0x0000000086800000, 0x0000000086900000, 0x0000000086900000|100%| O|  |TAMS 0x0000000086900000, 0x0000000086900000| Untracked 
| 105|0x0000000086900000, 0x0000000086a00000, 0x0000000086a00000|100%| O|  |TAMS 0x0000000086a00000, 0x0000000086a00000| Untracked 
| 106|0x0000000086a00000, 0x0000000086b00000, 0x0000000086b00000|100%| O|  |TAMS 0x0000000086b00000, 0x0000000086b00000| Untracked 
| 107|0x0000000086b00000, 0x0000000086c00000, 0x0000000086c00000|100%| O|  |TAMS 0x0000000086c00000, 0x0000000086c00000| Untracked 
| 108|0x0000000086c00000, 0x0000000086d00000, 0x0000000086d00000|100%| O|  |TAMS 0x0000000086d00000, 0x0000000086d00000| Untracked 
| 109|0x0000000086d00000, 0x0000000086e00000, 0x0000000086e00000|100%| O|  |TAMS 0x0000000086e00000, 0x0000000086e00000| Untracked 
| 110|0x0000000086e00000, 0x0000000086f00000, 0x0000000086f00000|100%| O|  |TAMS 0x0000000086f00000, 0x0000000086f00000| Untracked 
| 111|0x0000000086f00000, 0x0000000087000000, 0x0000000087000000|100%| O|  |TAMS 0x0000000087000000, 0x0000000087000000| Untracked 
| 112|0x0000000087000000, 0x0000000087100000, 0x0000000087100000|100%| O|  |TAMS 0x0000000087100000, 0x0000000087100000| Untracked 
| 113|0x0000000087100000, 0x0000000087200000, 0x0000000087200000|100%| O|  |TAMS 0x0000000087200000, 0x0000000087200000| Untracked 
| 114|0x0000000087200000, 0x0000000087200000, 0x0000000087300000|  0%| F|  |TAMS 0x0000000087200000, 0x0000000087200000| Untracked 
| 115|0x0000000087300000, 0x0000000087400000, 0x0000000087400000|100%| O|  |TAMS 0x0000000087400000, 0x0000000087400000| Untracked 
| 116|0x0000000087400000, 0x0000000087400000, 0x0000000087500000|  0%| F|  |TAMS 0x0000000087400000, 0x0000000087400000| Untracked 
| 117|0x0000000087500000, 0x0000000087500000, 0x0000000087600000|  0%| F|  |TAMS 0x0000000087500000, 0x0000000087500000| Untracked 
| 118|0x0000000087600000, 0x0000000087700000, 0x0000000087700000|100%| O|  |TAMS 0x0000000087700000, 0x0000000087700000| Untracked 
| 119|0x0000000087700000, 0x0000000087800000, 0x0000000087800000|100%| O|  |TAMS 0x0000000087800000, 0x0000000087800000| Untracked 
| 120|0x0000000087800000, 0x0000000087900000, 0x0000000087900000|100%| O|  |TAMS 0x0000000087900000, 0x0000000087900000| Untracked 
| 121|0x0000000087900000, 0x0000000087a00000, 0x0000000087a00000|100%| O|  |TAMS 0x0000000087a00000, 0x0000000087a00000| Untracked 
| 122|0x0000000087a00000, 0x0000000087b00000, 0x0000000087b00000|100%| O|  |TAMS 0x0000000087b00000, 0x0000000087b00000| Untracked 
| 123|0x0000000087b00000, 0x0000000087c00000, 0x0000000087c00000|100%| O|  |TAMS 0x0000000087c00000, 0x0000000087c00000| Untracked 
| 124|0x0000000087c00000, 0x0000000087d00000, 0x0000000087d00000|100%| O|  |TAMS 0x0000000087d00000, 0x0000000087d00000| Untracked 
| 125|0x0000000087d00000, 0x0000000087e00000, 0x0000000087e00000|100%| O|  |TAMS 0x0000000087e00000, 0x0000000087e00000| Untracked 
| 126|0x0000000087e00000, 0x0000000087f00000, 0x0000000087f00000|100%| O|  |TAMS 0x0000000087f00000, 0x0000000087f00000| Untracked 
| 127|0x0000000087f00000, 0x0000000088000000, 0x0000000088000000|100%| O|  |TAMS 0x0000000088000000, 0x0000000088000000| Untracked 
| 128|0x0000000088000000, 0x0000000088100000, 0x0000000088100000|100%| O|  |TAMS 0x0000000088100000, 0x0000000088100000| Untracked 
| 129|0x0000000088100000, 0x0000000088200000, 0x0000000088200000|100%| O|  |TAMS 0x0000000088200000, 0x0000000088200000| Untracked 
| 130|0x0000000088200000, 0x0000000088300000, 0x0000000088300000|100%| O|  |TAMS 0x0000000088300000, 0x0000000088300000| Untracked 
| 131|0x0000000088300000, 0x0000000088400000, 0x0000000088400000|100%| O|  |TAMS 0x0000000088400000, 0x0000000088400000| Untracked 
| 132|0x0000000088400000, 0x0000000088500000, 0x0000000088500000|100%| O|  |TAMS 0x0000000088500000, 0x0000000088500000| Untracked 
| 133|0x0000000088500000, 0x0000000088600000, 0x0000000088600000|100%| O|  |TAMS 0x0000000088600000, 0x0000000088600000| Untracked 
| 134|0x0000000088600000, 0x0000000088600000, 0x0000000088700000|  0%| F|  |TAMS 0x0000000088600000, 0x0000000088600000| Untracked 
| 135|0x0000000088700000, 0x0000000088700000, 0x0000000088800000|  0%| F|  |TAMS 0x0000000088700000, 0x0000000088700000| Untracked 
| 136|0x0000000088800000, 0x0000000088900000, 0x0000000088900000|100%| O|  |TAMS 0x0000000088900000, 0x0000000088900000| Untracked 
| 137|0x0000000088900000, 0x0000000088a00000, 0x0000000088a00000|100%| O|  |TAMS 0x0000000088a00000, 0x0000000088a00000| Untracked 
| 138|0x0000000088a00000, 0x0000000088b00000, 0x0000000088b00000|100%| O|  |TAMS 0x0000000088b00000, 0x0000000088b00000| Untracked 
| 139|0x0000000088b00000, 0x0000000088b00000, 0x0000000088c00000|  0%| F|  |TAMS 0x0000000088b00000, 0x0000000088b00000| Untracked 
| 140|0x0000000088c00000, 0x0000000088d00000, 0x0000000088d00000|100%| O|  |TAMS 0x0000000088c88400, 0x0000000088d00000| Untracked 
| 141|0x0000000088d00000, 0x0000000088e00000, 0x0000000088e00000|100%| O|  |TAMS 0x0000000088d00000, 0x0000000088e00000| Untracked 
| 142|0x0000000088e00000, 0x0000000088f00000, 0x0000000088f00000|100%| O|  |TAMS 0x0000000088e00000, 0x0000000088f00000| Untracked 
| 143|0x0000000088f00000, 0x0000000089000000, 0x0000000089000000|100%| O|  |TAMS 0x0000000088f00000, 0x0000000089000000| Untracked 
| 144|0x0000000089000000, 0x0000000089000000, 0x0000000089100000|  0%| F|  |TAMS 0x0000000089000000, 0x0000000089000000| Untracked 
| 145|0x0000000089100000, 0x0000000089100000, 0x0000000089200000|  0%| F|  |TAMS 0x0000000089100000, 0x0000000089100000| Untracked 
| 146|0x0000000089200000, 0x0000000089200000, 0x0000000089300000|  0%| F|  |TAMS 0x0000000089200000, 0x0000000089200000| Untracked 
| 147|0x0000000089300000, 0x0000000089300000, 0x0000000089400000|  0%| F|  |TAMS 0x0000000089300000, 0x0000000089300000| Untracked 
| 148|0x0000000089400000, 0x0000000089400000, 0x0000000089500000|  0%| F|  |TAMS 0x0000000089400000, 0x0000000089400000| Untracked 
| 149|0x0000000089500000, 0x0000000089500000, 0x0000000089600000|  0%| F|  |TAMS 0x0000000089500000, 0x0000000089500000| Untracked 
| 150|0x0000000089600000, 0x0000000089600000, 0x0000000089700000|  0%| F|  |TAMS 0x0000000089600000, 0x0000000089600000| Untracked 
| 151|0x0000000089700000, 0x0000000089700000, 0x0000000089800000|  0%| F|  |TAMS 0x0000000089700000, 0x0000000089700000| Untracked 
| 152|0x0000000089800000, 0x0000000089800000, 0x0000000089900000|  0%| F|  |TAMS 0x0000000089800000, 0x0000000089800000| Untracked 
| 153|0x0000000089900000, 0x0000000089900000, 0x0000000089a00000|  0%| F|  |TAMS 0x0000000089900000, 0x0000000089900000| Untracked 
| 154|0x0000000089a00000, 0x0000000089a00000, 0x0000000089b00000|  0%| F|  |TAMS 0x0000000089a00000, 0x0000000089a00000| Untracked 
| 155|0x0000000089b00000, 0x0000000089b00000, 0x0000000089c00000|  0%| F|  |TAMS 0x0000000089b00000, 0x0000000089b00000| Untracked 
| 156|0x0000000089c00000, 0x0000000089c00000, 0x0000000089d00000|  0%| F|  |TAMS 0x0000000089c00000, 0x0000000089c00000| Untracked 
| 157|0x0000000089d00000, 0x0000000089d00000, 0x0000000089e00000|  0%| F|  |TAMS 0x0000000089d00000, 0x0000000089d00000| Untracked 
| 158|0x0000000089e00000, 0x0000000089f00000, 0x0000000089f00000|100%| S|CS|TAMS 0x0000000089e00000, 0x0000000089e00000| Complete 
| 159|0x0000000089f00000, 0x000000008a000000, 0x000000008a000000|100%| S|CS|TAMS 0x0000000089f00000, 0x0000000089f00000| Complete 
| 160|0x000000008a000000, 0x000000008a100000, 0x000000008a100000|100%| S|CS|TAMS 0x000000008a000000, 0x000000008a000000| Complete 
| 161|0x000000008a100000, 0x000000008a100000, 0x000000008a200000|  0%| F|  |TAMS 0x000000008a100000, 0x000000008a100000| Untracked 
| 162|0x000000008a200000, 0x000000008a200000, 0x000000008a300000|  0%| F|  |TAMS 0x000000008a200000, 0x000000008a200000| Untracked 
| 163|0x000000008a300000, 0x000000008a300000, 0x000000008a400000|  0%| F|  |TAMS 0x000000008a300000, 0x000000008a300000| Untracked 
| 164|0x000000008a400000, 0x000000008a400000, 0x000000008a500000|  0%| F|  |TAMS 0x000000008a400000, 0x000000008a400000| Untracked 
| 165|0x000000008a500000, 0x000000008a500000, 0x000000008a600000|  0%| F|  |TAMS 0x000000008a500000, 0x000000008a500000| Untracked 
| 166|0x000000008a600000, 0x000000008a600000, 0x000000008a700000|  0%| F|  |TAMS 0x000000008a600000, 0x000000008a600000| Untracked 
| 167|0x000000008a700000, 0x000000008a700000, 0x000000008a800000|  0%| F|  |TAMS 0x000000008a700000, 0x000000008a700000| Untracked 
| 168|0x000000008a800000, 0x000000008a800000, 0x000000008a900000|  0%| F|  |TAMS 0x000000008a800000, 0x000000008a800000| Untracked 
| 169|0x000000008a900000, 0x000000008a900000, 0x000000008aa00000|  0%| F|  |TAMS 0x000000008a900000, 0x000000008a900000| Untracked 
| 170|0x000000008aa00000, 0x000000008aa00000, 0x000000008ab00000|  0%| F|  |TAMS 0x000000008aa00000, 0x000000008aa00000| Untracked 
| 171|0x000000008ab00000, 0x000000008ab00000, 0x000000008ac00000|  0%| F|  |TAMS 0x000000008ab00000, 0x000000008ab00000| Untracked 
| 172|0x000000008ac00000, 0x000000008ac00000, 0x000000008ad00000|  0%| F|  |TAMS 0x000000008ac00000, 0x000000008ac00000| Untracked 
| 173|0x000000008ad00000, 0x000000008ad00000, 0x000000008ae00000|  0%| F|  |TAMS 0x000000008ad00000, 0x000000008ad00000| Untracked 
| 174|0x000000008ae00000, 0x000000008ae00000, 0x000000008af00000|  0%| F|  |TAMS 0x000000008ae00000, 0x000000008ae00000| Untracked 
| 175|0x000000008af00000, 0x000000008af00000, 0x000000008b000000|  0%| F|  |TAMS 0x000000008af00000, 0x000000008af00000| Untracked 
| 176|0x000000008b000000, 0x000000008b000000, 0x000000008b100000|  0%| F|  |TAMS 0x000000008b000000, 0x000000008b000000| Untracked 
| 177|0x000000008b100000, 0x000000008b100000, 0x000000008b200000|  0%| F|  |TAMS 0x000000008b100000, 0x000000008b100000| Untracked 
| 178|0x000000008b200000, 0x000000008b200000, 0x000000008b300000|  0%| F|  |TAMS 0x000000008b200000, 0x000000008b200000| Untracked 
| 179|0x000000008b300000, 0x000000008b300000, 0x000000008b400000|  0%| F|  |TAMS 0x000000008b300000, 0x000000008b300000| Untracked 
| 180|0x000000008b400000, 0x000000008b400000, 0x000000008b500000|  0%| F|  |TAMS 0x000000008b400000, 0x000000008b400000| Untracked 
| 181|0x000000008b500000, 0x000000008b500000, 0x000000008b600000|  0%| F|  |TAMS 0x000000008b500000, 0x000000008b500000| Untracked 
| 182|0x000000008b600000, 0x000000008b600000, 0x000000008b700000|  0%| F|  |TAMS 0x000000008b600000, 0x000000008b600000| Untracked 
| 183|0x000000008b700000, 0x000000008b700000, 0x000000008b800000|  0%| F|  |TAMS 0x000000008b700000, 0x000000008b700000| Untracked 
| 184|0x000000008b800000, 0x000000008b864b90, 0x000000008b900000| 39%| E|  |TAMS 0x000000008b800000, 0x000000008b800000| Complete 

Card table byte_map: [0x0000023759d80000,0x000002375a180000] _byte_map_base: 0x0000023759980000

Marking Bits (Prev, Next): (CMBitMap*) 0x0000023746bc97b0, (CMBitMap*) 0x0000023746bc9778
 Prev Bits: [0x000002375c580000, 0x000002375e580000)
 Next Bits: [0x000002375a580000, 0x000002375c580000)

Polling page: 0x0000023744ab0000

Metaspace:

Usage:
  Non-class:    110.24 MB capacity,   107.53 MB ( 98%) used,     2.20 MB (  2%) free+waste,   518.81 KB ( <1%) overhead. 
      Class:     17.11 MB capacity,    15.52 MB ( 91%) used,     1.37 MB (  8%) free+waste,   232.06 KB (  1%) overhead. 
       Both:    127.35 MB capacity,   123.05 MB ( 97%) used,     3.57 MB (  3%) free+waste,   750.88 KB ( <1%) overhead. 

Virtual space:
  Non-class space:      112.00 MB reserved,     110.38 MB ( 99%) committed 
      Class space:        1.00 GB reserved,      17.20 MB (  2%) committed 
             Both:        1.11 GB reserved,     127.57 MB ( 11%) committed 

Chunk freelists:
   Non-Class:  12.00 KB
       Class:  0 bytes
        Both:  12.00 KB

MaxMetaspaceSize: 17179869184.00 GB
CompressedClassSpaceSize: 1.00 GB
Initial GC threshold: 20.80 MB
Current GC threshold: 211.58 MB
CDS: off

CodeHeap 'non-profiled nmethods': size=120000Kb used=14364Kb max_used=14448Kb free=105636Kb
 bounds [0x0000023752120000, 0x0000023752f60000, 0x0000023759650000]
CodeHeap 'profiled nmethods': size=120000Kb used=46422Kb max_used=47041Kb free=73577Kb
 bounds [0x000002374abf0000, 0x000002374daf0000, 0x0000023752120000]
CodeHeap 'non-nmethods': size=5760Kb used=2470Kb max_used=2568Kb free=3290Kb
 bounds [0x000002374a650000, 0x000002374a8e0000, 0x000002374abf0000]
 total_blobs=22118 nmethods=21113 adapters=914
 compilation: enabled
              stopped_count=0, restarted_count=0
 full_count=0

Compilation events (20 events):
Event: 1745.936 Thread 0x0000023761874800 nmethod 23961 0x000002374b717c90 code [0x000002374b717e80, 0x000002374b7181b8]
Event: 1745.938 Thread 0x0000023761873800 nmethod 23954 0x000002375260bb90 code [0x000002375260bd20, 0x000002375260be18]
Event: 1745.948 Thread 0x0000023761874800 23963       3       org.jetbrains.kotlin.gradle.utils.ParsedGradleVersion$Companion::parse (534 bytes)
Event: 1745.982 Thread 0x0000023761874800 nmethod 23963 0x000002374ae18c90 code [0x000002374ae192e0, 0x000002374ae1cf48]
Event: 1745.982 Thread 0x0000023761874800 23966       3       java.util.regex.Matcher::end (67 bytes)
Event: 1745.998 Thread 0x0000023761873800 23969 %     4       org.gradle.api.internal.collections.DefaultPendingSource::size @ 12 (43 bytes)
Event: 1745.999 Thread 0x0000023761874800 nmethod 23966 0x000002374add8410 code [0x000002374add86a0, 0x000002374add9108]
Event: 1745.999 Thread 0x0000023761874800 23967       3       org.gradle.internal.logging.slf4j.OutputEventListenerBackedLogger::debug (6 bytes)
Event: 1746.008 Thread 0x0000023761873800 nmethod 23969% 0x000002375260b510 code [0x000002375260b6c0, 0x000002375260b918]
Event: 1746.008 Thread 0x0000023761874800 nmethod 23967 0x000002374b3bcc10 code [0x000002374b3bce80, 0x000002374b3bd808]
Event: 1746.008 Thread 0x0000023761874800 23968       3       org.gradle.internal.logging.slf4j.BuildOperationAwareLogger::debug (17 bytes)
Event: 1746.016 Thread 0x0000023761874800 nmethod 23968 0x000002374b816390 code [0x000002374b8165c0, 0x000002374b816d08]
Event: 1746.017 Thread 0x0000023761874800 23962       3       org.jetbrains.kotlin.gradle.utils.ParsedGradleVersionKt::isGradleVersionAtLeast (59 bytes)
Event: 1746.020 Thread 0x0000023761874800 nmethod 23962 0x000002374b081910 code [0x000002374b081b20, 0x000002374b081f68]
Event: 1746.020 Thread 0x0000023761874800 23964       3       kotlin.collections.CollectionsKt__CollectionsKt::getIndices (25 bytes)
Event: 1746.021 Thread 0x0000023761873800 23970       4       com.google.common.collect.ImmutableSet::copyOf (52 bytes)
Event: 1746.022 Thread 0x0000023761874800 nmethod 23964 0x000002374b083110 code [0x000002374b083360, 0x000002374b083a98]
Event: 1746.022 Thread 0x0000023761874800 23965       1       com.android.build.gradle.internal.dependency.VariantDependencies::getCompileClasspath (5 bytes)
Event: 1746.022 Thread 0x0000023761874800 nmethod 23965 0x000002375260b210 code [0x000002375260b3c0, 0x000002375260b478]
Event: 1746.029 Thread 0x0000023761873800 nmethod 23970 0x000002375260ac10 code [0x000002375260adc0, 0x000002375260b048]

GC Heap History (20 events):
Event: 1636.954 GC heap before
{Heap before GC invocations=120 (full 0):
 garbage-first heap   total 189440K, used 156128K [0x0000000080000000, 0x0000000100000000)
  region size 1024K, 22 young (22528K), 4 survivors (4096K)
 Metaspace       used 125621K, capacity 129905K, committed 129996K, reserved 1161216K
  class space    used 15868K, capacity 17481K, committed 17484K, reserved 1048576K
}
Event: 1636.962 GC heap after
{Heap after GC invocations=121 (full 0):
 garbage-first heap   total 189440K, used 139217K [0x0000000080000000, 0x0000000100000000)
  region size 1024K, 2 young (2048K), 2 survivors (2048K)
 Metaspace       used 125621K, capacity 129905K, committed 129996K, reserved 1161216K
  class space    used 15868K, capacity 17481K, committed 17484K, reserved 1048576K
}
Event: 1637.011 GC heap before
{Heap before GC invocations=121 (full 0):
 garbage-first heap   total 189440K, used 157649K [0x0000000080000000, 0x0000000100000000)
  region size 1024K, 20 young (20480K), 2 survivors (2048K)
 Metaspace       used 125621K, capacity 129905K, committed 129996K, reserved 1161216K
  class space    used 15868K, capacity 17481K, committed 17484K, reserved 1048576K
}
Event: 1637.016 GC heap after
{Heap after GC invocations=122 (full 0):
 garbage-first heap   total 189440K, used 140007K [0x0000000080000000, 0x0000000100000000)
  region size 1024K, 3 young (3072K), 3 survivors (3072K)
 Metaspace       used 125621K, capacity 129905K, committed 129996K, reserved 1161216K
  class space    used 15868K, capacity 17481K, committed 17484K, reserved 1048576K
}
Event: 1637.062 GC heap before
{Heap before GC invocations=123 (full 0):
 garbage-first heap   total 189440K, used 157415K [0x0000000080000000, 0x0000000100000000)
  region size 1024K, 21 young (21504K), 3 survivors (3072K)
 Metaspace       used 125621K, capacity 129905K, committed 129996K, reserved 1161216K
  class space    used 15868K, capacity 17481K, committed 17484K, reserved 1048576K
}
Event: 1637.066 GC heap after
{Heap after GC invocations=124 (full 0):
 garbage-first heap   total 189440K, used 140729K [0x0000000080000000, 0x0000000100000000)
  region size 1024K, 2 young (2048K), 2 survivors (2048K)
 Metaspace       used 125621K, capacity 129905K, committed 129996K, reserved 1161216K
  class space    used 15868K, capacity 17481K, committed 17484K, reserved 1048576K
}
Event: 1637.087 GC heap before
{Heap before GC invocations=124 (full 0):
 garbage-first heap   total 189440K, used 146873K [0x0000000080000000, 0x0000000100000000)
  region size 1024K, 9 young (9216K), 2 survivors (2048K)
 Metaspace       used 125621K, capacity 129905K, committed 129996K, reserved 1161216K
  class space    used 15868K, capacity 17481K, committed 17484K, reserved 1048576K
}
Event: 1637.100 GC heap after
{Heap after GC invocations=125 (full 0):
 garbage-first heap   total 189440K, used 139500K [0x0000000080000000, 0x0000000100000000)
  region size 1024K, 1 young (1024K), 1 survivors (1024K)
 Metaspace       used 125621K, capacity 129905K, committed 129996K, reserved 1161216K
  class space    used 15868K, capacity 17481K, committed 17484K, reserved 1048576K
}
Event: 1637.174 GC heap before
{Heap before GC invocations=125 (full 0):
 garbage-first heap   total 189440K, used 159980K [0x0000000080000000, 0x0000000100000000)
  region size 1024K, 21 young (21504K), 1 survivors (1024K)
 Metaspace       used 125621K, capacity 129905K, committed 129996K, reserved 1161216K
  class space    used 15868K, capacity 17481K, committed 17484K, reserved 1048576K
}
Event: 1637.180 GC heap after
{Heap after GC invocations=126 (full 0):
 garbage-first heap   total 189440K, used 140511K [0x0000000080000000, 0x0000000100000000)
  region size 1024K, 2 young (2048K), 2 survivors (2048K)
 Metaspace       used 125621K, capacity 129905K, committed 129996K, reserved 1161216K
  class space    used 15868K, capacity 17481K, committed 17484K, reserved 1048576K
}
Event: 1637.366 GC heap before
{Heap before GC invocations=126 (full 0):
 garbage-first heap   total 189440K, used 159967K [0x0000000080000000, 0x0000000100000000)
  region size 1024K, 22 young (22528K), 2 survivors (2048K)
 Metaspace       used 125621K, capacity 129905K, committed 129996K, reserved 1161216K
  class space    used 15868K, capacity 17481K, committed 17484K, reserved 1048576K
}
Event: 1637.371 GC heap after
{Heap after GC invocations=127 (full 0):
 garbage-first heap   total 189440K, used 140553K [0x0000000080000000, 0x0000000100000000)
  region size 1024K, 2 young (2048K), 2 survivors (2048K)
 Metaspace       used 125621K, capacity 129905K, committed 129996K, reserved 1161216K
  class space    used 15868K, capacity 17481K, committed 17484K, reserved 1048576K
}
Event: 1637.487 GC heap before
{Heap before GC invocations=127 (full 0):
 garbage-first heap   total 189440K, used 161033K [0x0000000080000000, 0x0000000100000000)
  region size 1024K, 23 young (23552K), 2 survivors (2048K)
 Metaspace       used 125670K, capacity 129974K, committed 129996K, reserved 1161216K
  class space    used 15868K, capacity 17481K, committed 17484K, reserved 1048576K
}
Event: 1637.491 GC heap after
{Heap after GC invocations=128 (full 0):
 garbage-first heap   total 189440K, used 141853K [0x0000000080000000, 0x0000000100000000)
  region size 1024K, 2 young (2048K), 2 survivors (2048K)
 Metaspace       used 125670K, capacity 129974K, committed 129996K, reserved 1161216K
  class space    used 15868K, capacity 17481K, committed 17484K, reserved 1048576K
}
Event: 1744.815 GC heap before
{Heap before GC invocations=129 (full 0):
 garbage-first heap   total 189440K, used 179741K [0x0000000080000000, 0x0000000100000000)
  region size 1024K, 22 young (22528K), 2 survivors (2048K)
 Metaspace       used 125945K, capacity 130343K, committed 130636K, reserved 1163264K
  class space    used 15891K, capacity 17524K, committed 17612K, reserved 1048576K
}
Event: 1744.823 GC heap after
{Heap after GC invocations=130 (full 0):
 garbage-first heap   total 189440K, used 140404K [0x0000000080000000, 0x0000000100000000)
  region size 1024K, 1 young (1024K), 1 survivors (1024K)
 Metaspace       used 125945K, capacity 130343K, committed 130636K, reserved 1163264K
  class space    used 15891K, capacity 17524K, committed 17612K, reserved 1048576K
}
Event: 1745.189 GC heap before
{Heap before GC invocations=130 (full 0):
 garbage-first heap   total 189440K, used 148596K [0x0000000080000000, 0x0000000100000000)
  region size 1024K, 9 young (9216K), 1 survivors (1024K)
 Metaspace       used 125968K, capacity 130407K, committed 130636K, reserved 1163264K
  class space    used 15892K, capacity 17524K, committed 17612K, reserved 1048576K
}
Event: 1745.258 GC heap after
{Heap after GC invocations=131 (full 0):
 garbage-first heap   total 189440K, used 138663K [0x0000000080000000, 0x0000000100000000)
  region size 1024K, 2 young (2048K), 2 survivors (2048K)
 Metaspace       used 125968K, capacity 130407K, committed 130636K, reserved 1163264K
  class space    used 15892K, capacity 17524K, committed 17612K, reserved 1048576K
}
Event: 1746.035 GC heap before
{Heap before GC invocations=131 (full 0):
 garbage-first heap   total 189440K, used 160167K [0x0000000080000000, 0x0000000100000000)
  region size 1024K, 24 young (24576K), 2 survivors (2048K)
 Metaspace       used 126003K, capacity 130408K, committed 130636K, reserved 1163264K
  class space    used 15892K, capacity 17524K, committed 17612K, reserved 1048576K
}
Event: 1746.096 GC heap after
{Heap after GC invocations=132 (full 0):
 garbage-first heap   total 189440K, used 141813K [0x0000000080000000, 0x0000000100000000)
  region size 1024K, 3 young (3072K), 3 survivors (3072K)
 Metaspace       used 126003K, capacity 130408K, committed 130636K, reserved 1163264K
  class space    used 15892K, capacity 17524K, committed 17612K, reserved 1048576K
}

Deoptimization events (20 events):
Event: 1637.143 Thread 0x0000023763bfd000 DEOPT PACKING pc=0x000002374d24b762 sp=0x00000065311fbb90
Event: 1637.143 Thread 0x0000023763bfd000 DEOPT UNPACKING pc=0x000002374a69a95e sp=0x00000065311fb420 mode 0
Event: 1637.147 Thread 0x0000023763bfe800 DEOPT PACKING pc=0x000002374d5e6a00 sp=0x00000065315fcca0
Event: 1637.147 Thread 0x0000023763bfe800 DEOPT UNPACKING pc=0x000002374a69a95e sp=0x00000065315fc190 mode 0
Event: 1637.272 Thread 0x0000023763bf9800 DEOPT PACKING pc=0x000002374d5e6a00 sp=0x00000065314fcdf0
Event: 1637.272 Thread 0x0000023763bf9800 DEOPT UNPACKING pc=0x000002374a69a95e sp=0x00000065314fc2e0 mode 0
Event: 1637.287 Thread 0x0000023763bf9800 DEOPT PACKING pc=0x000002374d5e6a00 sp=0x00000065314fcef0
Event: 1637.287 Thread 0x0000023763bf9800 DEOPT UNPACKING pc=0x000002374a69a95e sp=0x00000065314fc3e0 mode 0
Event: 1637.298 Thread 0x0000023763bf9800 Uncommon trap: trap_request=0xffffff4d fr.pc=0x0000023752776f24 relative=0x0000000000000564
Event: 1637.298 Thread 0x0000023763bf9800 Uncommon trap: reason=unstable_if action=reinterpret pc=0x0000023752776f24 method=java.util.TimSort.countRunAndMakeAscending([Ljava/lang/Object;IILjava/util/Comparator;)I @ 27 c2
Event: 1637.299 Thread 0x0000023763bf9800 DEOPT PACKING pc=0x0000023752776f24 sp=0x00000065314fd110
Event: 1637.299 Thread 0x0000023763bf9800 DEOPT UNPACKING pc=0x000002374a69a1af sp=0x00000065314fd0c0 mode 2
Event: 1637.329 Thread 0x0000023763bfd000 DEOPT PACKING pc=0x000002374d1efcab sp=0x00000065311fbd90
Event: 1637.329 Thread 0x0000023763bfd000 DEOPT UNPACKING pc=0x000002374a69a95e sp=0x00000065311fb2e0 mode 0
Event: 1637.382 Thread 0x0000023763c00800 DEOPT PACKING pc=0x000002374d34d777 sp=0x00000065316fcd00
Event: 1637.382 Thread 0x0000023763c00800 DEOPT UNPACKING pc=0x000002374a69a95e sp=0x00000065316fc1e8 mode 0
Event: 1637.388 Thread 0x0000023763c00800 DEOPT PACKING pc=0x000002374d34d777 sp=0x00000065316fcd00
Event: 1637.388 Thread 0x0000023763c00800 DEOPT UNPACKING pc=0x000002374a69a95e sp=0x00000065316fc1e8 mode 0
Event: 1637.578 Thread 0x0000023761d5e800 DEOPT PACKING pc=0x000002374b749f3c sp=0x000000652fefd7f0
Event: 1637.578 Thread 0x0000023761d5e800 DEOPT UNPACKING pc=0x000002374a69a95e sp=0x000000652fefccb0 mode 0

Classes redefined (0 events):
No events

Internal exceptions (20 events):
Event: 1637.477 Thread 0x0000023763bfd000 Exception <a 'sun/nio/fs/WindowsException'{0x000000008a6e3b68}> (0x000000008a6e3b68) thrown at [./src/hotspot/share/prims/jni.cpp, line 615]
Event: 1637.492 Thread 0x0000023763bf9000 Exception <a 'sun/nio/fs/WindowsException'{0x000000008b800ae0}> (0x000000008b800ae0) thrown at [./src/hotspot/share/prims/jni.cpp, line 615]
Event: 1637.492 Thread 0x0000023763bfd000 Exception <a 'sun/nio/fs/WindowsException'{0x000000008b80fe30}> (0x000000008b80fe30) thrown at [./src/hotspot/share/prims/jni.cpp, line 615]
Event: 1637.494 Thread 0x0000023763bf9000 Exception <a 'sun/nio/fs/WindowsException'{0x000000008b884e00}> (0x000000008b884e00) thrown at [./src/hotspot/share/prims/jni.cpp, line 615]
Event: 1637.497 Thread 0x0000023763bfd000 Exception <a 'sun/nio/fs/WindowsException'{0x000000008b81ede0}> (0x000000008b81ede0) thrown at [./src/hotspot/share/prims/jni.cpp, line 615]
Event: 1637.499 Thread 0x0000023763bf9000 Exception <a 'sun/nio/fs/WindowsException'{0x000000008b8d1f78}> (0x000000008b8d1f78) thrown at [./src/hotspot/share/prims/jni.cpp, line 615]
Event: 1637.503 Thread 0x0000023763bfd000 Exception <a 'sun/nio/fs/WindowsException'{0x000000008b8de7e8}> (0x000000008b8de7e8) thrown at [./src/hotspot/share/prims/jni.cpp, line 615]
Event: 1637.507 Thread 0x0000023763bfd000 Exception <a 'sun/nio/fs/WindowsException'{0x000000008b8e6d58}> (0x000000008b8e6d58) thrown at [./src/hotspot/share/prims/jni.cpp, line 615]
Event: 1637.507 Thread 0x0000023763bf9000 Exception <a 'sun/nio/fs/WindowsException'{0x000000008b8f78b0}> (0x000000008b8f78b0) thrown at [./src/hotspot/share/prims/jni.cpp, line 615]
Event: 1637.511 Thread 0x0000023763bf9000 Exception <a 'sun/nio/fs/WindowsException'{0x000000008b7d7760}> (0x000000008b7d7760) thrown at [./src/hotspot/share/prims/jni.cpp, line 615]
Event: 1637.511 Thread 0x0000023763bfd000 Exception <a 'sun/nio/fs/WindowsException'{0x000000008b7c8810}> (0x000000008b7c8810) thrown at [./src/hotspot/share/prims/jni.cpp, line 615]
Event: 1637.513 Thread 0x0000023763bfd000 Exception <a 'sun/nio/fs/WindowsException'{0x000000008b7d5608}> (0x000000008b7d5608) thrown at [./src/hotspot/share/prims/jni.cpp, line 615]
Event: 1637.516 Thread 0x0000023763bfd000 Exception <a 'sun/nio/fs/WindowsException'{0x000000008b6d2ee8}> (0x000000008b6d2ee8) thrown at [./src/hotspot/share/prims/jni.cpp, line 615]
Event: 1637.554 Thread 0x0000023763bf9800 Exception <a 'sun/nio/fs/WindowsException'{0x000000008b225408}> (0x000000008b225408) thrown at [./src/hotspot/share/prims/jni.cpp, line 615]
Event: 1637.567 Thread 0x0000023763bf9800 Exception <a 'sun/nio/fs/WindowsException'{0x000000008b1be8a0}> (0x000000008b1be8a0) thrown at [./src/hotspot/share/prims/jni.cpp, line 615]
Event: 1637.747 Thread 0x0000023763d2d000 Exception <a 'sun/nio/fs/WindowsException'{0x000000008ad40140}> (0x000000008ad40140) thrown at [./src/hotspot/share/prims/jni.cpp, line 615]
Event: 1637.749 Thread 0x00000237633ba800 Exception <a 'sun/nio/fs/WindowsException'{0x000000008ad4c260}> (0x000000008ad4c260) thrown at [./src/hotspot/share/prims/jni.cpp, line 615]
Event: 1637.749 Thread 0x00000237633ba800 Exception <a 'sun/nio/fs/WindowsException'{0x000000008ad4c2e0}> (0x000000008ad4c2e0) thrown at [./src/hotspot/share/prims/jni.cpp, line 615]
Event: 1637.750 Thread 0x00000237633ba800 Exception <a 'sun/nio/fs/WindowsException'{0x000000008ad4dc70}> (0x000000008ad4dc70) thrown at [./src/hotspot/share/prims/jni.cpp, line 615]
Event: 1745.675 Thread 0x0000023763d31000 Exception <a 'sun/nio/fs/WindowsException'{0x000000008a83a0b0}> (0x000000008a83a0b0) thrown at [./src/hotspot/share/prims/jni.cpp, line 615]

Events (20 events):
Event: 1745.388 Thread 0x000002376f5e8000 Thread added: 0x000002376f5e8000
Event: 1745.393 Thread 0x000002376f5e9000 Thread added: 0x000002376f5e9000
Event: 1745.394 Thread 0x000002376f5ef000 Thread added: 0x000002376f5ef000
Event: 1745.394 Thread 0x000002376f5f2000 Thread added: 0x000002376f5f2000
Event: 1745.394 Thread 0x000002376f5ef800 Thread added: 0x000002376f5ef800
Event: 1745.394 Thread 0x000002376f5f3800 Thread added: 0x000002376f5f3800
Event: 1745.395 Thread 0x000002376f5f1000 Thread added: 0x000002376f5f1000
Event: 1745.395 Thread 0x0000023767584000 Thread added: 0x0000023767584000
Event: 1745.396 Thread 0x0000023767583000 Thread added: 0x0000023767583000
Event: 1745.397 Thread 0x0000023767585800 Thread added: 0x0000023767585800
Event: 1745.397 Thread 0x0000023767586800 Thread added: 0x0000023767586800
Event: 1745.397 Thread 0x0000023767580800 Thread added: 0x0000023767580800
Event: 1745.398 Thread 0x0000023767587000 Thread added: 0x0000023767587000
Event: 1745.398 Thread 0x0000023767581800 Thread added: 0x0000023767581800
Event: 1745.398 Thread 0x0000023767588000 Thread added: 0x0000023767588000
Event: 1745.399 Thread 0x0000023767582000 Thread added: 0x0000023767582000
Event: 1745.399 Thread 0x0000023767589800 Thread added: 0x0000023767589800
Event: 1745.400 Thread 0x000002376758a800 Thread added: 0x000002376758a800
Event: 1746.034 Executing VM operation: G1CollectForAllocation
Event: 1746.096 Executing VM operation: G1CollectForAllocation done


Dynamic libraries:
0x00007ff61d210000 - 0x00007ff61d21a000 	C:\Program Files\Android\Android Studio\jre\bin\java.exe
0x00007ffed2960000 - 0x00007ffed2b69000 	C:\WINDOWS\SYSTEM32\ntdll.dll
0x00007ffed1930000 - 0x00007ffed19ed000 	C:\WINDOWS\System32\KERNEL32.DLL
0x00007ffecfe30000 - 0x00007ffed01ab000 	C:\WINDOWS\System32\KERNELBASE.dll
0x00007ffec9700000 - 0x00007ffec9792000 	C:\WINDOWS\SYSTEM32\apphelp.dll
0x00007ffe6dbc0000 - 0x00007ffe6e05c000 	C:\WINDOWS\SYSTEM32\AcLayers.DLL
0x00007ffed1e40000 - 0x00007ffed1ee3000 	C:\WINDOWS\System32\msvcrt.dll
0x00007ffed0f60000 - 0x00007ffed0fbd000 	C:\WINDOWS\System32\SHLWAPI.dll
0x00007ffe8dd20000 - 0x00007ffe8dd81000 	C:\WINDOWS\SYSTEM32\AcGenral.DLL
0x00007ffed0fd0000 - 0x00007ffed106e000 	C:\WINDOWS\System32\sechost.dll
0x00007ffed14f0000 - 0x00007ffed169d000 	C:\WINDOWS\System32\USER32.dll
0x00007ffed07b0000 - 0x00007ffed07d6000 	C:\WINDOWS\System32\win32u.dll
0x00007ffed1ef0000 - 0x00007ffed1f19000 	C:\WINDOWS\System32\GDI32.dll
0x00007ffed0430000 - 0x00007ffed0548000 	C:\WINDOWS\System32\gdi32full.dll
0x00007ffed0270000 - 0x00007ffed030d000 	C:\WINDOWS\System32\msvcp_win.dll
0x00007ffed0310000 - 0x00007ffed0421000 	C:\WINDOWS\System32\ucrtbase.dll
0x00007ffed19f0000 - 0x00007ffed1b8a000 	C:\WINDOWS\System32\ole32.dll
0x00007ffed09d0000 - 0x00007ffed0d47000 	C:\WINDOWS\System32\combase.dll
0x00007ffed08b0000 - 0x00007ffed09d0000 	C:\WINDOWS\System32\RPCRT4.dll
0x00007ffed2000000 - 0x00007ffed27b8000 	C:\WINDOWS\System32\SHELL32.dll
0x00007ffed27c0000 - 0x00007ffed286e000 	C:\WINDOWS\System32\ADVAPI32.dll
0x00007ffecf530000 - 0x00007ffecf559000 	C:\WINDOWS\SYSTEM32\USERENV.dll
0x00007ffeb46e0000 - 0x00007ffeb46fd000 	C:\WINDOWS\SYSTEM32\MPR.dll
0x00007ffecf230000 - 0x00007ffecf272000 	C:\WINDOWS\SYSTEM32\SspiCli.dll
0x00007ffed2870000 - 0x00007ffed28a1000 	C:\WINDOWS\System32\IMM32.DLL
0x00007ffe98a70000 - 0x00007ffe98a89000 	C:\Program Files\Android\Android Studio\jre\bin\jli.dll
0x00007ffea1650000 - 0x00007ffea1667000 	C:\Program Files\Android\Android Studio\jre\bin\VCRUNTIME140.dll
0x00007ffeb8400000 - 0x00007ffeb86a5000 	C:\WINDOWS\WinSxS\amd64_microsoft.windows.common-controls_6595b64144ccf1df_6.0.22000.120_none_9d947278b86cc467\COMCTL32.dll
0x00007ffe80370000 - 0x00007ffe8040d000 	C:\Program Files\Android\Android Studio\jre\bin\msvcp140.dll
0x00007ffe6c990000 - 0x00007ffe6d475000 	C:\Program Files\Android\Android Studio\jre\bin\server\jvm.dll
0x00007ffec5fa0000 - 0x00007ffec5fd3000 	C:\WINDOWS\SYSTEM32\WINMM.dll
0x00007ffed0fc0000 - 0x00007ffed0fc8000 	C:\WINDOWS\System32\PSAPI.DLL
0x00007ffebd090000 - 0x00007ffebd09a000 	C:\WINDOWS\SYSTEM32\VERSION.dll
0x00007ffeb4860000 - 0x00007ffeb4869000 	C:\WINDOWS\SYSTEM32\WSOCK32.dll
0x00007ffed0840000 - 0x00007ffed08af000 	C:\WINDOWS\System32\ws2_32.DLL
0x00007ffecefa0000 - 0x00007ffecefb8000 	C:\WINDOWS\SYSTEM32\kernel.appcore.dll
0x00007ffec4e10000 - 0x00007ffec4e21000 	C:\Program Files\Android\Android Studio\jre\bin\verify.dll
0x00007ffecd8d0000 - 0x00007ffecdaf1000 	C:\WINDOWS\SYSTEM32\DBGHELP.DLL
0x00007ffebc0b0000 - 0x00007ffebc0e1000 	C:\WINDOWS\SYSTEM32\dbgcore.DLL
0x00007ffed0730000 - 0x00007ffed07af000 	C:\WINDOWS\System32\bcryptPrimitives.dll
0x00007ffebb510000 - 0x00007ffebb539000 	C:\Program Files\Android\Android Studio\jre\bin\java.dll
0x00007ffec6130000 - 0x00007ffec613b000 	C:\Program Files\Android\Android Studio\jre\bin\jimage.dll
0x00007ffec4df0000 - 0x00007ffec4e08000 	C:\Program Files\Android\Android Studio\jre\bin\zip.dll
0x00007ffecdf30000 - 0x00007ffece795000 	C:\WINDOWS\SYSTEM32\windows.storage.dll
0x00007ffecddc0000 - 0x00007ffecdf26000 	C:\WINDOWS\SYSTEM32\wintypes.dll
0x00007ffed1840000 - 0x00007ffed192a000 	C:\WINDOWS\System32\SHCORE.dll
0x00007ffecfd60000 - 0x00007ffecfd81000 	C:\WINDOWS\SYSTEM32\profapi.dll
0x00007ffec1d40000 - 0x00007ffec1d5a000 	C:\Program Files\Android\Android Studio\jre\bin\net.dll
0x00007ffec6720000 - 0x00007ffec682c000 	C:\WINDOWS\SYSTEM32\WINHTTP.dll
0x00007ffecf440000 - 0x00007ffecf4a7000 	C:\WINDOWS\system32\mswsock.dll
0x00007ffebaf30000 - 0x00007ffebaf44000 	C:\Program Files\Android\Android Studio\jre\bin\nio.dll
0x00007ffe9c7b0000 - 0x00007ffe9c7d7000 	C:\Users\acer\.gradle\native\e1d6ef7f7dcc3fd88c89a11ec53ec762bb8ba0a96d01ffa2cd45eb1d1d8dd5c5\windows-amd64\native-platform.dll
0x00007ffe6b1d0000 - 0x00007ffe6b314000 	C:\Users\acer\.gradle\native\5664cfc778a61ccfe75a443a1ab52a65af34e5dc3c78e0209fed803814484fcb\windows-amd64\native-platform-file-events.dll
0x00007ffec6010000 - 0x00007ffec601a000 	C:\Program Files\Android\Android Studio\jre\bin\management.dll
0x00007ffec5b40000 - 0x00007ffec5b4d000 	C:\Program Files\Android\Android Studio\jre\bin\management_ext.dll
0x00007ffecf680000 - 0x00007ffecf698000 	C:\WINDOWS\SYSTEM32\CRYPTSP.dll
0x00007ffecef00000 - 0x00007ffecef35000 	C:\WINDOWS\system32\rsaenh.dll
0x00007ffecf810000 - 0x00007ffecf837000 	C:\WINDOWS\SYSTEM32\bcrypt.dll
0x00007ffecf6a0000 - 0x00007ffecf6ac000 	C:\WINDOWS\SYSTEM32\CRYPTBASE.dll
0x00007ffeceac0000 - 0x00007ffeceaed000 	C:\WINDOWS\SYSTEM32\IPHLPAPI.DLL
0x00007ffed1d60000 - 0x00007ffed1d69000 	C:\WINDOWS\System32\NSI.dll
0x00007ffec62a0000 - 0x00007ffec62b9000 	C:\WINDOWS\SYSTEM32\dhcpcsvc6.DLL
0x00007ffec6e80000 - 0x00007ffec6e9e000 	C:\WINDOWS\SYSTEM32\dhcpcsvc.DLL
0x00007ffeceaf0000 - 0x00007ffecebd8000 	C:\WINDOWS\SYSTEM32\DNSAPI.dll
0x00007ffeb9c10000 - 0x00007ffeb9c2e000 	C:\Users\acer\AppData\Local\Temp\native-platform8367859896539571729dir\native-platform.dll
0x00007ffeba260000 - 0x00007ffeba268000 	C:\Program Files\Android\Android Studio\jre\bin\rmi.dll

dbghelp: loaded successfully - version: 4.0.5 - missing functions: none
symbol engine: initialized successfully - sym options: 0x614 - pdb path: .;C:\Program Files\Android\Android Studio\jre\bin;C:\WINDOWS\SYSTEM32;C:\WINDOWS\WinSxS\amd64_microsoft.windows.common-controls_6595b64144ccf1df_6.0.22000.120_none_9d947278b86cc467;C:\Program Files\Android\Android Studio\jre\bin\server;C:\Users\acer\.gradle\native\e1d6ef7f7dcc3fd88c89a11ec53ec762bb8ba0a96d01ffa2cd45eb1d1d8dd5c5\windows-amd64;C:\Users\acer\.gradle\native\5664cfc778a61ccfe75a443a1ab52a65af34e5dc3c78e0209fed803814484fcb\windows-amd64;C:\Users\acer\AppData\Local\Temp\native-platform8367859896539571729dir

VM Arguments:
jvm_args: --add-opens=java.base/java.util=ALL-UNNAMED --add-opens=java.base/java.lang=ALL-UNNAMED --add-opens=java.base/java.lang.invoke=ALL-UNNAMED --add-opens=java.base/java.util=ALL-UNNAMED --add-opens=java.prefs/java.util.prefs=ALL-UNNAMED --add-opens=java.prefs/java.util.prefs=ALL-UNNAMED --add-opens=java.base/java.nio.charset=ALL-UNNAMED --add-opens=java.base/java.net=ALL-UNNAMED --add-opens=java.base/java.util.concurrent.atomic=ALL-UNNAMED -Xmx2048m -Dfile.encoding=UTF-8 -Duser.country=ID -Duser.language=en -Duser.variant 
java_command: org.gradle.launcher.daemon.bootstrap.GradleDaemon 7.3.3
java_class_path (initial): C:\Users\acer\.gradle\wrapper\dists\gradle-7.3.3-bin\6a41zxkdtcxs8rphpq6y0069z\gradle-7.3.3\lib\gradle-launcher-7.3.3.jar
Launcher Type: SUN_STANDARD

[Global flags]
     intx CICompilerCount                          = 4                                         {product} {ergonomic}
     uint ConcGCThreads                            = 2                                         {product} {ergonomic}
     uint G1ConcRefinementThreads                  = 8                                         {product} {ergonomic}
   size_t G1HeapRegionSize                         = 1048576                                   {product} {ergonomic}
    uintx GCDrainStackTargetSize                   = 64                                        {product} {ergonomic}
   size_t InitialHeapSize                          = 134217728                                 {product} {ergonomic}
   size_t MarkStackSize                            = 4194304                                   {product} {ergonomic}
   size_t MaxHeapSize                              = 2147483648                                {product} {command line}
   size_t MaxNewSize                               = 1287651328                                {product} {ergonomic}
   size_t MinHeapDeltaBytes                        = 1048576                                   {product} {ergonomic}
    uintx NonNMethodCodeHeapSize                   = 5836300                                {pd product} {ergonomic}
    uintx NonProfiledCodeHeapSize                  = 122910970                              {pd product} {ergonomic}
    uintx ProfiledCodeHeapSize                     = 122910970                              {pd product} {ergonomic}
    uintx ReservedCodeCacheSize                    = 251658240                              {pd product} {ergonomic}
     bool SegmentedCodeCache                       = true                                      {product} {ergonomic}
     bool UseCompressedClassPointers               = true                                 {lp64_product} {ergonomic}
     bool UseCompressedOops                        = true                                 {lp64_product} {ergonomic}
     bool UseG1GC                                  = true                                      {product} {ergonomic}
     bool UseLargePagesIndividualAllocation        = false                                  {pd product} {ergonomic}

Logging:
Log output configuration:
 #0: stdout all=warning uptime,level,tags
 #1: stderr all=off uptime,level,tags

Environment Variables:
JAVA_HOME=C:\Program Files\Java\jdk-15
PATH=C:\Program Files (x86)\Common Files\Intel\Shared Files\cpp\bin\Intel64;C:\Program Files\Zulu\zulu-8\bin\;C:\Program Files\Common Files\Oracle\Java\javapath;C:\Program Files (x86)\Common Files\Oracle\Java\javapath;C:\Program Files (x86)\Common Files\Intel\Shared Libraries\redist\intel64\compiler;C:\ProgramData\Oracle\Java\javapath;C:\Program Files (x86)\Intel\Intel(R) Management Engine Components\iCLS\;C:\Program Files\Intel\Intel(R) Management Engine Components\iCLS\;C:\Windows\system32;C:\Windows;C:\Windows\System32\Wbem;C:\Windows\System32\WindowsPowerShell\v1.0\;C:\Program Files (x86)\NVIDIA Corporation\PhysX\Common;C:\Program Files (x86)\Intel\Intel(R) Management Engine Components\DAL;C:\Program Files\Intel\Intel(R) Management Engine Components\DAL;C:\Program Files (x86)\Intel\Intel(R) Management Engine Components\IPT;C:\Program Files\Intel\Intel(R) Management Engine Components\IPT;C:\Program Files\Intel\WiFi\bin\;C:\Program Files\Common Files\Intel\WirelessCommon\;C:\WINDOWS\system32;C:\WINDOWS;C:\WINDOWS\System32\Wbem;C:\WINDOWS\System32\WindowsPowerShell\v1.0\;C:\WINDOWS\System32\OpenSSH\;C:\Program Files\NVIDIA Corporation\NVIDIA NvDLISR;D:\Software Installed\Notebook Fan Control\;C:\Program Files\Microsoft SQL Server\Client SDK\ODBC\130\Tools\Binn\;C:\Program Files (x86)\Microsoft SQL Server\130\Tools\Binn\;C:\Program Files\Microsoft SQL Server\130\Tools\Binn\;C:\Program Files\Microsoft SQL Server\130\DTS\Binn\;C:\Program Files (x86)\Microsoft SQL Server\Client SDK\ODBC\130\Tools\Binn\;C:\Program Files (x86)\Microsoft SQL Server\140\Tools\Binn\;C:\Program Files (x86)\Microsoft SQL Server\140\DTS\Binn\;C:\Program Files (x86)\Microsoft SQL Server\140\Tools\Binn\ManagementStudio\;C:\Program Files\Git\cmd;C:\Program Files\Gradle\gradle-6.6\bin;C:\Program Files\dotnet\;C:\Users\acer\AppData\Local\Programs\Python\Python38\Scripts\;C:\Users\acer\AppData\Local\Programs\Python\Python38\;C:\Users\acer\AppData\Local\Microsoft\WindowsApps;C:\Users\acer\AppData\Local\
USERNAME=Farlz
OS=Windows_NT
PROCESSOR_IDENTIFIER=Intel64 Family 6 Model 142 Stepping 10, GenuineIntel



---------------  S Y S T E M  ---------------

OS: Windows 10 , 64 bit Build 22000 (10.0.22000.708)
OS uptime: 8 days 0:28 hours

CPU:total 8 (initial active 8) (4 cores per cpu, 2 threads per core) family 6 model 142 stepping 10 microcode 0xe0, cmov, cx8, fxsr, mmx, sse, sse2, sse3, ssse3, sse4.1, sse4.2, popcnt, avx, avx2, aes, clmul, erms, 3dnowpref, lzcnt, ht, tsc, tscinvbit, bmi1, bmi2, adx, fma

Memory: 4k page, system-wide physical 8076M (297M free)
TotalPageFile size 19003M (AvailPageFile size 3988M)
current process WorkingSet (physical memory assigned to process): 445M, peak: 477M
current process commit charge ("private bytes"): 595M, peak: 599M

vm_info: OpenJDK 64-Bit Server VM (11.0.12+7-b1504.28-7817840) for windows-amd64 JRE (11.0.12+7-b1504.28-7817840), built on Oct 13 2021 22:12:33 by "builder" with MS VC++ 14.0 (VS2015)

END.
